#
# A fatal error has been detected by the Java Runtime Environment:
#
#  Internal Error (jvmciRuntime.cpp:1609), pid=54, tid=68
#  fatal error: Fatal exception in JVMCI: Error calling jdk.vm.ci.services.Services.serializeSavedProperties
#
# JRE version: OpenJDK Runtime Environment GraalVM CE 22.3.0 (17.0.5+8) (build 17.0.5+8-jvmci-22.3-b08)
# Java VM: OpenJDK 64-Bit Server VM GraalVM CE 22.3.0 (17.0.5+8-jvmci-22.3-b08, mixed mode, sharing, tiered, jvmci, jvmci compiler, compressed oops, compressed class ptrs, parallel gc, linux-amd64)
# Problematic frame:
# V  [libjvm.so+0x972714]  JVMCIRuntime::fatal_exception(JVMCIEnv*, char const*)+0x74
#
# Core dump will be written. Default location: Core dumps may be processed with "/usr/share/apport/apport -p%p -s%s -c%c -d%d -P%P -u%u -g%g -- %E" (or dumping to /home/runner/DSA/core.54)
#
# If you would like to submit a bug report, please visit:
#   https://github.com/oracle/graal/issues
#

---------------  S U M M A R Y ------------

Command Line: -XX:ThreadPriorityPolicy=1 -XX:+UnlockExperimentalVMOptions -XX:+EnableJVMCIProduct -XX:JVMCIThreadsPerNativeLibraryRuntime=1 -XX:-UnlockExperimentalVMOptions -Declipse.application=org.eclipse.jdt.ls.core.id1 -Dosgi.bundles.defaultStartLevel=4 -Declipse.product=org.eclipse.jdt.ls.core.product -Dlog.level=ALL -Xverify:none -XX:+UseParallelGC -XX:GCTimeRatio=4 -XX:AdaptiveSizePolicyWeight=90 -Dsun.zip.disableMemoryMapping=true -Xmx512m -Xms100m /nix/store/m6gcpi1ii6rghy04cjwjddcavv7i90df-jdt-language-server-1.9.0/share/java/plugins/org.eclipse.equinox.launcher_1.6.400.v20210924-0641.jar --add-modules=ALL-SYSTEM --add-opens java.base/java.util=ALL-UNNAMED --add-opens java.base/java.lang=ALL-UNNAMED -configuration /home/runner/.cache/jdt-language-server/config -data /home/runner/.cache/jdt-language-server/data/home/runner/DSA

Host: Intel(R) Xeon(R) CPU @ 2.20GHz, 8 cores, 1G, Ubuntu 20.04.2 LTS
Time: Sat Aug 12 09:04:25 2023 UTC elapsed time: 1619.447510 seconds (0d 0h 26m 59s)

---------------  T H R E A D  ---------------

Current thread (0x00007f89a80b20e0):  JavaThread "JVMCI-native CompilerThread0" daemon [_thread_in_vm, id=68, stack(0x00007f898eccd000,0x00007f898eecd000)]


Current CompileTask:
JVMCI-native:1619447 8878       4       org.eclipse.core.runtime.Path::computeSegmentCount (90 bytes)

Stack: [0x00007f898eccd000,0x00007f898eecd000],  sp=0x00007f898eecb380,  free space=2040k
Native frames: (J=compiled Java code, j=interpreted, Vv=VM code, C=native code)
V  [libjvm.so+0x972714]  JVMCIRuntime::fatal_exception(JVMCIEnv*, char const*)+0x74
V  [libjvm.so+0x93e2fe]  JVMCIEnv::copy_saved_properties()+0x14e
V  [libjvm.so+0x9732a9]  JVMCIRuntime::initialize(JVMCIEnv*)+0xb19
V  [libjvm.so+0x9738a2]  JVMCIRuntime::get_HotSpotJVMCIRuntime(JVMCIEnv*)+0x12
V  [libjvm.so+0x9749f2]  JVMCIRuntime::compile_method(JVMCIEnv*, JVMCICompiler*, methodHandle const&, int)+0xd2
V  [libjvm.so+0x5b0d20]  CompileBroker::invoke_compiler_on_method(CompileTask*)+0x1470
V  [libjvm.so+0x5b12e8]  CompileBroker::compiler_thread_loop()+0x528
V  [libjvm.so+0xd82460]  JavaThread::thread_main_inner()+0xd0
V  [libjvm.so+0xd85a40]  Thread::call_run()+0xc0
V  [libjvm.so+0xbdb1e1]  thread_native_entry(Thread*)+0xe1

Register to memory mapping:

RAX=0x00007f89ae90b000 points into unknown readable memory: 0x0000000000000058 | 58 00 00 00 00 00 00 00
RBX=0x00007f89afa06398: <offset 0x0000000000ef5398> in /nix/store/gpxl5qgg8kicmcvivwmybwjlpf7wh20l-graalvm17-ce-22.3.0/lib/server/libjvm.so at 0x00007f89aeb11000
RCX=0x00007f89af9be1e8: <offset 0x0000000000ead1e8> in /nix/store/gpxl5qgg8kicmcvivwmybwjlpf7wh20l-graalvm17-ce-22.3.0/lib/server/libjvm.so at 0x00007f89aeb11000
RDX=0x0000000000000649 is an unknown value
RSP=0x00007f898eecb380 is pointing into the stack for thread: 0x00007f89a80b20e0
RBP=0x00007f898eecb3a0 is pointing into the stack for thread: 0x00007f89a80b20e0
RSI=0x00007f89afa06c48: <offset 0x0000000000ef5c48> in /nix/store/gpxl5qgg8kicmcvivwmybwjlpf7wh20l-graalvm17-ce-22.3.0/lib/server/libjvm.so at 0x00007f89aeb11000
RDI=0x00000000e0000000 is an oop: java.lang.String 
{0x00000000e0000000} - klass: 'java/lang/String'
 - string: "resolution"
R8 =0x00007f89afa06398: <offset 0x0000000000ef5398> in /nix/store/gpxl5qgg8kicmcvivwmybwjlpf7wh20l-graalvm17-ce-22.3.0/lib/server/libjvm.so at 0x00007f89aeb11000
R9 =0x0000000000000003 is an unknown value
R10=0x00007f89afd57da0: <offset 0x0000000001246da0> in /nix/store/gpxl5qgg8kicmcvivwmybwjlpf7wh20l-graalvm17-ce-22.3.0/lib/server/libjvm.so at 0x00007f89aeb11000
R11=0x000000080044f048 is pointing into metadata
R12=0x0 is NULL
R13=0x00007f89a80b20e0 is a thread
R14=0x00007f89a8000b80 points into unknown readable memory: 0x00007f89afc37a38 | 38 7a c3 af 89 7f 00 00
R15=0x00007f89afd45e40: <offset 0x0000000001234e40> in /nix/store/gpxl5qgg8kicmcvivwmybwjlpf7wh20l-graalvm17-ce-22.3.0/lib/server/libjvm.so at 0x00007f89aeb11000


Registers:
RAX=0x00007f89ae90b000, RBX=0x00007f89afa06398, RCX=0x00007f89af9be1e8, RDX=0x0000000000000649
RSP=0x00007f898eecb380, RBP=0x00007f898eecb3a0, RSI=0x00007f89afa06c48, RDI=0x00000000e0000000
R8 =0x00007f89afa06398, R9 =0x0000000000000003, R10=0x00007f89afd57da0, R11=0x000000080044f048
R12=0x0000000000000000, R13=0x00007f89a80b20e0, R14=0x00007f89a8000b80, R15=0x00007f89afd45e40
RIP=0x00007f89af483714, EFLAGS=0x0000000000010206, CSGSFS=0x002b000000000033, ERR=0x0000000000000006
  TRAPNO=0x000000000000000e

Top of Stack: (sp=0x00007f898eecb380)
0x00007f898eecb380:   00007f898eecb940 00007f89a80b20e0
0x00007f898eecb390:   00007f89ad29d618 0000000800c419d8
0x00007f898eecb3a0:   00007f898eecb500 00007f89af44f2fe
0x00007f898eecb3b0:   00007f898eecb3e0 00007f898eecb440 

Instructions: (pc=0x00007f89af483714)
0x00007f89af483614:   30 e8 f6 cf e8 ff 4c 89 e7 e8 2e 48 d1 ff 84 db
0x00007f89af483624:   75 2a 4d 85 ed 74 04 4d 8b 6d 00 48 83 c4 08 44
0x00007f89af483634:   89 f9 4c 89 f2 4c 89 ee 5b 4c 89 e7 41 5c 41 5d
0x00007f89af483644:   41 5e 41 5f 5d e9 e2 47 d1 ff 66 90 48 83 c4 08
0x00007f89af483654:   5b 41 5c 41 5d 41 5e 41 5f 5d c3 90 31 d2 be 08
0x00007f89af483664:   00 00 00 4c 89 ff e8 b1 78 a3 ff 49 89 c5 e9 37
0x00007f89af483674:   ff ff ff 66 0f 1f 84 00 00 00 00 00 48 8b 7a 08
0x00007f89af483684:   e9 6d ff ff ff 0f 1f 80 00 00 00 00 e8 5b 48 0a
0x00007f89af483694:   00 84 c0 75 89 e9 6a ff ff ff 66 90 55 48 89 e5
0x00007f89af4836a4:   41 56 41 55 41 54 49 89 fc 53 48 89 f3 66 48 8d
0x00007f89af4836b4:   3d 27 5e 85 00 66 66 48 e8 df 43 8d ff 4c 8b 28
0x00007f89af4836c4:   8b 05 be 72 8a 00 85 c0 75 14 ba 01 00 00 00 48
0x00007f89af4836d4:   8d 0d ae 72 8a 00 f0 0f b1 11 85 c0 74 4e be c8
0x00007f89af4836e4:   00 00 00 4c 89 ef e8 01 0b 41 00 48 8d 05 12 ac
0x00007f89af4836f4:   85 00 49 89 d8 48 8d 0d e8 aa 53 00 ba 49 06 00
0x00007f89af483704:   00 48 8d 35 3c 35 58 00 bf 00 00 00 e0 48 8b 00
0x00007f89af483714:   c6 00 58 31 c0 e8 e2 91 c6 ff 5b 41 5c 41 5d 41
0x00007f89af483724:   5e 5d e9 55 34 26 00 0f 1f 44 00 00 48 8d 05 81
0x00007f89af483734:   a3 8b 00 48 89 df 4c 8b 30 e8 9e 43 8d ff 48 89
0x00007f89af483744:   de 48 89 c2 49 8b 06 4c 89 f7 ff 50 08 4c 89 f7
0x00007f89af483754:   e8 a7 5c 27 00 4d 85 e4 74 12 be 01 00 00 00 4c
0x00007f89af483764:   89 e7 e8 35 43 fc ff eb 82 0f 1f 00 be 01 00 00
0x00007f89af483774:   00 4c 89 ef e8 d3 fd ff ff e9 6d ff ff ff 66 66
0x00007f89af483784:   2e 0f 1f 84 00 00 00 00 00 0f 1f 00 55 48 89 e5
0x00007f89af483794:   41 57 41 56 41 55 41 54 53 48 81 ec 08 02 00 00
0x00007f89af4837a4:   64 48 8b 04 25 28 00 00 00 48 89 45 c8 8b 07 83
0x00007f89af4837b4:   f8 02 0f 84 11 04 00 00 4c 8b 6f 18 49 89 ff 49
0x00007f89af4837c4:   89 f4 4d 85 ed 74 14 4c 89 ef e8 5d 57 22 00 41
0x00007f89af4837d4:   8b 07 83 f8 02 0f 84 19 04 00 00 48 8d 1d 9a 06
0x00007f89af4837e4:   8a 00 4c 8d 35 0b 3c 58 00 eb 38 90 48 85 d2 7f
0x00007f89af4837f4:   0d 48 8d 05 b4 c0 85 00 48 83 38 00 7e 0e 41 8b
0x00007f89af483804:   77 2c 4c 89 f7 31 c0 e8 a0 b2 f7 ff 49 8b 7f 18 


Stack slot to memory mapping:
stack at sp + 0 slots: 0x00007f898eecb940 is pointing into the stack for thread: 0x00007f89a80b20e0
stack at sp + 1 slots: 0x00007f89a80b20e0 is a thread
stack at sp + 2 slots: 0x00007f89ad29d618 points into unknown readable memory: 0x657300186cffffff | ff ff ff 6c 18 00 73 65
stack at sp + 3 slots: 0x0000000800c419d8 is a pointer to class: 
jdk.vm.ci.services.Services {0x0000000800c419d8}
 - instance size:     2
 - klass size:        65
 - access:            public final synchronized 
 - state:             fully_initialized
 - name:              'jdk/vm/ci/services/Services'
 - super:             'java/lang/Object'
 - sub:               
 - arrays:            NULL
 - methods:           Array<T>(0x00007f89ac445560)
 - method ordering:   Array<T>(0x0000000800928960)
 - default_methods:   Array<T>(0x0000000000000000)
 - local interfaces:  Array<T>(0x00000008005ce810)
 - trans. interfaces: Array<T>(0x00000008005ce810)
 - constants:         constant pool [427] {0x00007f89ac442d88} for 'jdk/vm/ci/services/Services' cache=0x00007f89ac446830
 - class loader data:  loader data: 0x00007f89a80283d0 of 'bootstrap'
 - source file:       'Services.java'
 - class annotations:       Array<T>(0x0000000000000000)
 - class type annotations:  Array<T>(0x0000000000000000)
 - field annotations:       Array<T>(0x0000000000000000)
 - field type annotations:  Array<T>(0x0000000000000000)
 - inner classes:     Array<T>(0x00007f89ac446800)
 - nest members:     Array<T>(0x00007f89ac446820)
 - permitted subclasses:     Array<T>(0x00000008005ce7a0)
 - java mirror:       a 'java/lang/Class'{0x00000000e0149000} = 'jdk/vm/ci/services/Services'
 - vtable length      5  (start addr: 0x0000000800c41ba8)
 - itable length      2 (start addr: 0x0000000800c41bd0)
 - ---- static fields (3 words):
 - public static final 'IS_BUILDING_NATIVE_IMAGE' 'Z' @128 
 - public static final 'IS_IN_NATIVE_IMAGE' 'Z' @129 
 - private static volatile 'savedProperties' 'Ljava/util/Map;' @112 
 - static final 'JVMCI_ENABLED' 'Z' @130 
 - private static final 'servicesCache' 'Ljava/util/Map;' @116 
 - private static final 'MAX_UNICODE_IN_UTF8_LENGTH' 'I' @120 
 - private static final 'MAX_UTF8_PROPERTY_STRING_LENGTH' 'I' @124 
 - ---- non-static fields (0 words):
 - non-static oop maps: 
stack at sp + 4 slots: 0x00007f898eecb500 is pointing into the stack for thread: 0x00007f89a80b20e0
stack at sp + 5 slots: 0x00007f89af44f2fe: <offset 0x000000000093e2fe> in /nix/store/gpxl5qgg8kicmcvivwmybwjlpf7wh20l-graalvm17-ce-22.3.0/lib/server/libjvm.so at 0x00007f89aeb11000
stack at sp + 6 slots: 0x00007f898eecb3e0 is pointing into the stack for thread: 0x00007f89a80b20e0
stack at sp + 7 slots: 0x00007f898eecb440 is pointing into the stack for thread: 0x00007f89a80b20e0


---------------  P R O C E S S  ---------------

Threads class SMR info:
_java_thread_list=0x00007f891819bf10, length=28, elements={
0x00007f89a8026670, 0x00007f89a80a63e0, 0x00007f89a80a7820, 0x00007f89a80adf50,
0x00007f89a80af300, 0x00007f89a80b06f0, 0x00007f89a80b20e0, 0x00007f89a80b35f0,
0x00007f89a80b4a40, 0x00007f89a80d7600, 0x00007f89a811ff00, 0x00007f89a835c3c0,
0x00007f89a838fe30, 0x00007f89a83919b0, 0x00007f89a820e070, 0x00007f893c016ef0,
0x00007f893c2a1290, 0x00007f89300010d0, 0x00007f893c48a530, 0x00007f893c5f78f0,
0x00007f89a83c7900, 0x00007f89a83fea20, 0x00007f8938001580, 0x00007f8930314e40,
0x00007f893844d060, 0x00007f891818acd0, 0x00007f89180370d0, 0x00007f89180378d0
}

Java Threads: ( => current thread )
  0x00007f89a8026670 JavaThread "main" [_thread_blocked, id=60, stack(0x00007f89ae92c000,0x00007f89aea2c000)]
  0x00007f89a80a63e0 JavaThread "Reference Handler" daemon [_thread_blocked, id=63, stack(0x00007f89ac12e000,0x00007f89ac22e000)]
  0x00007f89a80a7820 JavaThread "Finalizer" daemon [_thread_blocked, id=64, stack(0x00007f89ac02e000,0x00007f89ac12e000)]
  0x00007f89a80adf50 JavaThread "Signal Dispatcher" daemon [_thread_blocked, id=65, stack(0x00007f898f0cd000,0x00007f898f1cd000)]
  0x00007f89a80af300 JavaThread "Service Thread" daemon [_thread_blocked, id=66, stack(0x00007f898efcd000,0x00007f898f0cd000)]
  0x00007f89a80b06f0 JavaThread "Monitor Deflation Thread" daemon [_thread_blocked, id=67, stack(0x00007f898eecd000,0x00007f898efcd000)]
=>0x00007f89a80b20e0 JavaThread "JVMCI-native CompilerThread0" daemon [_thread_in_vm, id=68, stack(0x00007f898eccd000,0x00007f898eecd000)]
  0x00007f89a80b35f0 JavaThread "C1 CompilerThread0" daemon [_thread_blocked, id=69, stack(0x00007f898eacd000,0x00007f898eccd000)]
  0x00007f89a80b4a40 JavaThread "Sweeper thread" daemon [_thread_blocked, id=70, stack(0x00007f898e9cd000,0x00007f898eacd000)]
  0x00007f89a80d7600 JavaThread "Common-Cleaner" daemon [_thread_blocked, id=71, stack(0x00007f898e8cd000,0x00007f898e9cd000)]
  0x00007f89a811ff00 JavaThread "Notification Thread" daemon [_thread_blocked, id=73, stack(0x00007f898e7cd000,0x00007f898e8cd000)]
  0x00007f89a835c3c0 JavaThread "Active Thread: Equinox Container: c10cca33-60d4-4e1f-b54f-3de5695815b8" [_thread_blocked, id=114, stack(0x00007f898e58e000,0x00007f898e68e000)]
  0x00007f89a838fe30 JavaThread "Framework Event Dispatcher: Equinox Container: c10cca33-60d4-4e1f-b54f-3de5695815b8" daemon [_thread_blocked, id=115, stack(0x00007f898c100000,0x00007f898c200000)]
  0x00007f89a83919b0 JavaThread "Start Level: Equinox Container: c10cca33-60d4-4e1f-b54f-3de5695815b8" daemon [_thread_blocked, id=116, stack(0x00007f8956d00000,0x00007f8956e00000)]
  0x00007f89a820e070 JavaThread "Refresh Thread: Equinox Container: c10cca33-60d4-4e1f-b54f-3de5695815b8" daemon [_thread_blocked, id=137, stack(0x00007f8956b00000,0x00007f8956c00000)]
  0x00007f893c016ef0 JavaThread "SCR Component Actor" daemon [_thread_blocked, id=138, stack(0x00007f8956900000,0x00007f8956a00000)]
  0x00007f893c2a1290 JavaThread "Worker-JM" [_thread_blocked, id=160, stack(0x00007f8956500000,0x00007f8956600000)]
  0x00007f89300010d0 JavaThread "Worker-1" [_thread_blocked, id=162, stack(0x00007f8956100000,0x00007f8956200000)]
  0x00007f893c48a530 JavaThread "Java indexing" daemon [_thread_blocked, id=165, stack(0x00007f8955f00000,0x00007f8956000000)]
  0x00007f893c5f78f0 JavaThread "Bundle File Closer" daemon [_thread_blocked, id=184, stack(0x00007f8955d00000,0x00007f8955e00000)]
  0x00007f89a83c7900 JavaThread "pool-3-thread-1" [_thread_blocked, id=191, stack(0x00007f8955b00000,0x00007f8955c00000)]
  0x00007f89a83fea20 JavaThread "pool-2-thread-1" [_thread_blocked, id=200, stack(0x00007f8955700000,0x00007f8955800000)]
  0x00007f8938001580 JavaThread "Worker-4: Java indexing... " [_thread_blocked, id=216, stack(0x00007f8955500000,0x00007f8955600000)]
  0x00007f8930314e40 JavaThread "Worker-5" [_thread_blocked, id=363, stack(0x00007f8955300000,0x00007f8955400000)]
  0x00007f893844d060 JavaThread "Okio Watchdog" daemon [_thread_blocked, id=434, stack(0x00007f8954f00000,0x00007f8955000000)]
  0x00007f891818acd0 JavaThread "Thread-5" [_thread_blocked, id=9026, stack(0x00007f8956a00000,0x00007f8956b00000)]
  0x00007f89180370d0 JavaThread "Thread-6" [_thread_blocked, id=9873, stack(0x00007f8956600000,0x00007f8956700000)]
  0x00007f89180378d0 JavaThread "Thread-7" [_thread_blocked, id=10597, stack(0x00007f898c000000,0x00007f898c100000)]

Other Threads:
  0x00007f89a80a1b20 VMThread "VM Thread" [stack: 0x00007f89ac230000,0x00007f89ac330000] [id=62] _threads_hazard_ptr=0x00007f891819bf10
  0x00007f89a8121c90 WatcherThread [stack: 0x00007f898e6cd000,0x00007f898e7cd000] [id=74]
  0x00007f89a803df00 GCTaskThread "GC Thread#0" [stack: 0x00007f89ae4ef000,0x00007f89ae5ef000] [id=61]

Threads with active compile tasks:
JVMCI-native CompilerThread0  1619527 8878       4       org.eclipse.core.runtime.Path::computeSegmentCount (90 bytes)

VM state: synchronizing (normal execution)

VM Mutex/Monitor currently owned by a thread:  ([mutex/lock_event])
[0x00007f89a8023820] Threads_lock - owner thread: 0x00007f89a80a1b20
[0x00007f89a8023fd0] Heap_lock - owner thread: 0x00007f893c48a530

OutOfMemory and StackOverflow Exception counts:
OutOfMemoryError java_heap_errors=1
LinkageErrors=66

Heap address: 0x00000000e0000000, size: 512 MB, Compressed Oops mode: 32-bit

CDS archive(s) mapped at: [0x0000000800000000-0x0000000800bc8000-0x0000000800bc8000), size 12353536, SharedBaseAddress: 0x0000000800000000, ArchiveRelocationMode: 0.
Compressed class space mapped at: 0x0000000800c00000-0x0000000840c00000, reserved size: 1073741824
Narrow klass base: 0x0000000800000000, Narrow klass shift: 0, Narrow klass range: 0x100000000

GC Precious Log:
 CPUs: 8 total, 1 available
 Memory: 1024M
 Large Page Support: Disabled
 NUMA Support: Disabled
 Compressed Oops: Enabled (32-bit)
 Alignments: Space 512K, Generation 512K, Heap 2M
 Heap Min Capacity: 100M
 Heap Initial Capacity: 100M
 Heap Max Capacity: 512M
 Pre-touch: Disabled
 Parallel Workers: 1

Heap:
 PSYoungGen      total 62976K, used 34303K [0x00000000f5580000, 0x00000000fb480000, 0x0000000100000000)
  eden space 34304K, 99% used [0x00000000f5580000,0x00000000f76ffff8,0x00000000f7700000)
  from space 28672K, 0% used [0x00000000f9880000,0x00000000f9880000,0x00000000fb480000)
  to   space 13312K, 0% used [0x00000000f7700000,0x00000000f7700000,0x00000000f8400000)
 ParOldGen       total 349696K, used 349695K [0x00000000e0000000, 0x00000000f5580000, 0x00000000f5580000)
  object space 349696K, 99% used [0x00000000e0000000,0x00000000f557ffe8,0x00000000f5580000)
 Metaspace       used 59470K, committed 60608K, reserved 1105920K
  class space    used 5870K, committed 6336K, reserved 1048576K

Card table byte_map: [0x00007f89ae5ef000,0x00007f89ae6f0000] _byte_map_base: 0x00007f89adeef000

Marking Bits: (ParMarkBitMap*) 0x00007f89afd3f4c0
 Begin Bits: [0x00007f89ad442000, 0x00007f89adc42000)
 End Bits:   [0x00007f89adc42000, 0x00007f89ae442000)

Polling page: 0x00007f89ae909000

Metaspace:

Usage:
  Non-class:     52.34 MB used.
      Class:      5.73 MB used.
       Both:     58.08 MB used.

Virtual space:
  Non-class space:       56.00 MB reserved,      53.00 MB ( 95%) committed,  7 nodes.
      Class space:        1.00 GB reserved,       6.19 MB ( <1%) committed,  1 nodes.
             Both:        1.05 GB reserved,      59.19 MB (  5%) committed. 

Chunk freelists:
   Non-Class:  2.73 MB
       Class:  1.95 MB
        Both:  4.67 MB

MaxMetaspaceSize: unlimited
CompressedClassSpaceSize: 1.00 GB
Initial GC threshold: 21.00 MB
Current GC threshold: 98.69 MB
CDS: on
MetaspaceReclaimPolicy: balanced
 - commit_granule_bytes: 65536.
 - commit_granule_words: 8192.
 - virtual_space_node_default_size: 1048576.
 - enlarge_chunks_in_place: 1.
 - new_chunks_are_fully_committed: 0.
 - uncommit_free_chunks: 1.
 - use_allocation_guard: 0.
 - handle_deallocations: 1.


Internal statistics:

num_allocs_failed_limit: 6.
num_arena_births: 494.
num_arena_deaths: 148.
num_vsnodes_births: 8.
num_vsnodes_deaths: 0.
num_space_committed: 946.
num_space_uncommitted: 0.
num_chunks_returned_to_freelist: 210.
num_chunks_taken_from_freelist: 2806.
num_chunk_merges: 87.
num_chunk_splits: 1846.
num_chunks_enlarged: 1161.
num_purges: 8.
num_inconsistent_stats: 0.

CodeHeap 'non-profiled nmethods': size=120036Kb used=2720Kb max_used=2720Kb free=117315Kb
 bounds [0x00007f8996f7a000, 0x00007f899722a000, 0x00007f899e4b3000]
CodeHeap 'profiled nmethods': size=120032Kb used=15589Kb max_used=15589Kb free=104442Kb
 bounds [0x00007f898fa42000, 0x00007f8990982000, 0x00007f8996f7a000]
CodeHeap 'non-nmethods': size=5692Kb used=1392Kb max_used=1408Kb free=4299Kb
 bounds [0x00007f898f4b3000, 0x00007f898f723000, 0x00007f898fa42000]
 total_blobs=8228 nmethods=7498 adapters=628
 compilation: enabled
              stopped_count=0, restarted_count=0
 full_count=0

JVMCI Events (20 events):
Event: 1258.153 Thread 0x00007f89a80b20e0 detached from JVMCI runtime 0
Event: 1338.129 Thread 0x00007f89a80b20e0 attached to JVMCI runtime 0
Event: 1338.132 Thread 0x00007f89a80b20e0 created JavaVM[6]@0x00007f895479e340 for JVMCI runtime 0
Event: 1340.062 Thread 0x00007f89a80b20e0 initializing JVMCI runtime 0
Event: 1340.062 Thread 0x00007f89a80b20e0 done waiting for JavaVM references initialization in JVMCI runtime 0
Event: 1368.229 Thread 0x00007f89a80b20e0 initialized JVMCI runtime 0
Event: 1483.620 Thread 0x00007f89a80b20e0 compacted oop handles in JVMCI runtime 0 from 50 to 46
Event: 1542.015 Thread 0x00007f89a80b20e0 compacted oop handles in JVMCI runtime 0 from 52 to 50
Event: 1543.851 Thread 0x00007f89a80b20e0 detaching from JVMCI runtime 0: releasing idle compiler thread (0 other threads still attached)
Event: 1543.851 Thread 0x00007f89a80b20e0 shutting down HotSpotJVMCIRuntime for JVMCI runtime 0
Event: 1543.851 Thread 0x00007f89a80b20e0 compacted oop handles in JVMCI runtime 0 from 50 to 38
Event: 1543.851 Thread 0x00007f89a80b20e0 shut down JVMCI runtime 0
Event: 1546.045 Thread 0x00007f89a80b20e0 destroyed JavaVM[6]@0x00007f895479e340 for JVMCI runtime 0
Event: 1546.045 Thread 0x00007f89a80b20e0 compacted oop handles in JVMCI runtime 0 from 38 to 38
Event: 1546.045 Thread 0x00007f89a80b20e0 releasing handles for JVMCI runtime 0: oop handles=38, metadata handles={total=96, live=93, blocks=32}
Event: 1546.045 Thread 0x00007f89a80b20e0 detached from JVMCI runtime 0
Event: 1585.828 Thread 0x00007f89a80b20e0 attached to JVMCI runtime 0
Event: 1585.831 Thread 0x00007f89a80b20e0 created JavaVM[7]@0x00007f895479e340 for JVMCI runtime 0
Event: 1587.738 Thread 0x00007f89a80b20e0 initializing JVMCI runtime 0
Event: 1587.738 Thread 0x00007f89a80b20e0 done waiting for JavaVM references initialization in JVMCI runtime 0

Compilation events (20 events):
Event: 1424.920 Thread 0x00007f89a80b20e0 nmethod 8863 0x00007f899721f690 code [0x00007f899721f820, 0x00007f899721fbb0]
Event: 1424.920 Thread 0x00007f89a80b20e0 8865 %     4       org.eclipse.core.runtime.Path::computeHashCode @ 31 (56 bytes)
Event: 1445.025 Thread 0x00007f89a80b35f0 8870 %     3       java.text.MessageFormat::applyPattern @ 34 (422 bytes)
Event: 1445.028 Thread 0x00007f89a80b35f0 nmethod 8870% 0x00007f8990970310 code [0x00007f8990970820, 0x00007f89909740e0]
Event: 1450.513 Thread 0x00007f89a80b35f0 8871 %     3       java.net.URI::quote @ 24 (214 bytes)
Event: 1467.925 Thread 0x00007f89a80b35f0 nmethod 8871% 0x00007f8990975390 code [0x00007f8990975780, 0x00007f8990977310]
Event: 1467.927 Thread 0x00007f89a80b20e0 nmethod 8865% 0x00007f899721fe10 code [0x00007f899721ffa0, 0x00007f8997220770]
Event: 1467.928 Thread 0x00007f89a80b20e0 8869       4       org.eclipse.core.runtime.Path::canonicalize (99 bytes)
Event: 1475.423 Thread 0x00007f89a80b35f0 8874   !   3       java.util.concurrent.locks.AbstractQueuedSynchronizer::acquire (407 bytes)
Event: 1477.514 Thread 0x00007f89a80b35f0 nmethod 8874 0x00007f8990977c90 code [0x00007f8990978000, 0x00007f8990979e20]
Event: 1483.620 Thread 0x00007f89a80b20e0 nmethod 8869 0x00007f8997220a10 code [0x00007f8997220bc0, 0x00007f8997221020]
Event: 1483.620 Thread 0x00007f89a80b20e0 8873       4       org.eclipse.core.runtime.Path::removeLastSegments (91 bytes)
Event: 1498.247 Thread 0x00007f89a80b35f0 8875       3       jdk.internal.misc.Unsafe::putIntOpaque (9 bytes)
Event: 1500.360 Thread 0x00007f89a80b35f0 nmethod 8875 0x00007f899097a710 code [0x00007f899097a8a0, 0x00007f899097a9b0]
Event: 1539.947 Thread 0x00007f89a80b35f0 8876       1       org.eclipse.osgi.internal.location.BasicLocation::isReadOnly (5 bytes)
Event: 1539.948 Thread 0x00007f89a80b35f0 nmethod 8876 0x00007f8997221310 code [0x00007f89972214a0, 0x00007f8997221570]
Event: 1542.015 Thread 0x00007f89a80b20e0 nmethod 8873 0x00007f8997221610 code [0x00007f89972217c0, 0x00007f8997221f10]
Event: 1546.046 Thread 0x00007f89a80b35f0 8877       3       java.io.File::getParent (65 bytes)
Event: 1552.458 Thread 0x00007f89a80b35f0 nmethod 8877 0x00007f899097aa90 code [0x00007f899097acc0, 0x00007f899097b3b0]
Event: 1585.828 Thread 0x00007f89a80b20e0 8878       4       org.eclipse.core.runtime.Path::computeSegmentCount (90 bytes)

GC Heap History (20 events):
Event: 1600.946 GC heap before
{Heap before GC invocations=836 (full 744):
 PSYoungGen      total 62976K, used 34304K [0x00000000f5580000, 0x00000000fb480000, 0x0000000100000000)
  eden space 34304K, 100% used [0x00000000f5580000,0x00000000f7700000,0x00000000f7700000)
  from space 28672K, 0% used [0x00000000f9880000,0x00000000f9880000,0x00000000fb480000)
  to   space 13312K, 0% used [0x00000000f7700000,0x00000000f7700000,0x00000000f8400000)
 ParOldGen       total 349696K, used 349693K [0x00000000e0000000, 0x00000000f5580000, 0x00000000f5580000)
  object space 349696K, 99% used [0x00000000e0000000,0x00000000f557f490,0x00000000f5580000)
 Metaspace       used 59470K, committed 60608K, reserved 1105920K
  class space    used 5870K, committed 6336K, reserved 1048576K
}
Event: 1603.152 GC heap after
{Heap after GC invocations=836 (full 744):
 PSYoungGen      total 47616K, used 34303K [0x00000000f5580000, 0x00000000fb480000, 0x0000000100000000)
  eden space 34304K, 99% used [0x00000000f5580000,0x00000000f76ffea8,0x00000000f7700000)
  from space 13312K, 0% used [0x00000000f7700000,0x00000000f7700000,0x00000000f8400000)
  to   space 28672K, 0% used [0x00000000f9880000,0x00000000f9880000,0x00000000fb480000)
 ParOldGen       total 349696K, used 349692K [0x00000000e0000000, 0x00000000f5580000, 0x00000000f5580000)
  object space 349696K, 99% used [0x00000000e0000000,0x00000000f557f248,0x00000000f5580000)
 Metaspace       used 59470K, committed 60608K, reserved 1105920K
  class space    used 5870K, committed 6336K, reserved 1048576K
}
Event: 1603.152 GC heap before
{Heap before GC invocations=837 (full 745):
 PSYoungGen      total 47616K, used 34304K [0x00000000f5580000, 0x00000000fb480000, 0x0000000100000000)
  eden space 34304K, 100% used [0x00000000f5580000,0x00000000f7700000,0x00000000f7700000)
  from space 13312K, 0% used [0x00000000f7700000,0x00000000f7700000,0x00000000f8400000)
  to   space 28672K, 0% used [0x00000000f9880000,0x00000000f9880000,0x00000000fb480000)
 ParOldGen       total 349696K, used 349692K [0x00000000e0000000, 0x00000000f5580000, 0x00000000f5580000)
  object space 349696K, 99% used [0x00000000e0000000,0x00000000f557f248,0x00000000f5580000)
 Metaspace       used 59470K, committed 60608K, reserved 1105920K
  class space    used 5870K, committed 6336K, reserved 1048576K
}
Event: 1605.051 GC heap after
{Heap after GC invocations=837 (full 745):
 PSYoungGen      total 62976K, used 34303K [0x00000000f5580000, 0x00000000fb480000, 0x0000000100000000)
  eden space 34304K, 99% used [0x00000000f5580000,0x00000000f76fffe8,0x00000000f7700000)
  from space 28672K, 0% used [0x00000000f9880000,0x00000000f9880000,0x00000000fb480000)
  to   space 13312K, 0% used [0x00000000f7700000,0x00000000f7700000,0x00000000f8400000)
 ParOldGen       total 349696K, used 349692K [0x00000000e0000000, 0x00000000f5580000, 0x00000000f5580000)
  object space 349696K, 99% used [0x00000000e0000000,0x00000000f557f200,0x00000000f5580000)
 Metaspace       used 59470K, committed 60608K, reserved 1105920K
  class space    used 5870K, committed 6336K, reserved 1048576K
}
Event: 1605.051 GC heap before
{Heap before GC invocations=838 (full 746):
 PSYoungGen      total 62976K, used 34304K [0x00000000f5580000, 0x00000000fb480000, 0x0000000100000000)
  eden space 34304K, 100% used [0x00000000f5580000,0x00000000f7700000,0x00000000f7700000)
  from space 28672K, 0% used [0x00000000f9880000,0x00000000f9880000,0x00000000fb480000)
  to   space 13312K, 0% used [0x00000000f7700000,0x00000000f7700000,0x00000000f8400000)
 ParOldGen       total 349696K, used 349692K [0x00000000e0000000, 0x00000000f5580000, 0x00000000f5580000)
  object space 349696K, 99% used [0x00000000e0000000,0x00000000f557f200,0x00000000f5580000)
 Metaspace       used 59470K, committed 60608K, reserved 1105920K
  class space    used 5870K, committed 6336K, reserved 1048576K
}
Event: 1606.752 GC heap after
{Heap after GC invocations=838 (full 746):
 PSYoungGen      total 47616K, used 34304K [0x00000000f5580000, 0x00000000fb480000, 0x0000000100000000)
  eden space 34304K, 100% used [0x00000000f5580000,0x00000000f7700000,0x00000000f7700000)
  from space 13312K, 0% used [0x00000000f7700000,0x00000000f7700000,0x00000000f8400000)
  to   space 28672K, 0% used [0x00000000f9880000,0x00000000f9880000,0x00000000fb480000)
 ParOldGen       total 349696K, used 349692K [0x00000000e0000000, 0x00000000f5580000, 0x00000000f5580000)
  object space 349696K, 99% used [0x00000000e0000000,0x00000000f557f200,0x00000000f5580000)
 Metaspace       used 59470K, committed 60608K, reserved 1105920K
  class space    used 5870K, committed 6336K, reserved 1048576K
}
Event: 1606.752 GC heap before
{Heap before GC invocations=839 (full 747):
 PSYoungGen      total 47616K, used 34304K [0x00000000f5580000, 0x00000000fb480000, 0x0000000100000000)
  eden space 34304K, 100% used [0x00000000f5580000,0x00000000f7700000,0x00000000f7700000)
  from space 13312K, 0% used [0x00000000f7700000,0x00000000f7700000,0x00000000f8400000)
  to   space 28672K, 0% used [0x00000000f9880000,0x00000000f9880000,0x00000000fb480000)
 ParOldGen       total 349696K, used 349695K [0x00000000e0000000, 0x00000000f5580000, 0x00000000f5580000)
  object space 349696K, 99% used [0x00000000e0000000,0x00000000f557fd38,0x00000000f5580000)
 Metaspace       used 59470K, committed 60608K, reserved 1105920K
  class space    used 5870K, committed 6336K, reserved 1048576K
}
Event: 1608.651 GC heap after
{Heap after GC invocations=839 (full 747):
 PSYoungGen      total 62976K, used 34303K [0x00000000f5580000, 0x00000000fb480000, 0x0000000100000000)
  eden space 34304K, 99% used [0x00000000f5580000,0x00000000f76fff60,0x00000000f7700000)
  from space 28672K, 0% used [0x00000000f9880000,0x00000000f9880000,0x00000000fb480000)
  to   space 13312K, 0% used [0x00000000f7700000,0x00000000f7700000,0x00000000f8400000)
 ParOldGen       total 349696K, used 349694K [0x00000000e0000000, 0x00000000f5580000, 0x00000000f5580000)
  object space 349696K, 99% used [0x00000000e0000000,0x00000000f557f800,0x00000000f5580000)
 Metaspace       used 59470K, committed 60608K, reserved 1105920K
  class space    used 5870K, committed 6336K, reserved 1048576K
}
Event: 1608.651 GC heap before
{Heap before GC invocations=840 (full 748):
 PSYoungGen      total 62976K, used 34304K [0x00000000f5580000, 0x00000000fb480000, 0x0000000100000000)
  eden space 34304K, 100% used [0x00000000f5580000,0x00000000f7700000,0x00000000f7700000)
  from space 28672K, 0% used [0x00000000f9880000,0x00000000f9880000,0x00000000fb480000)
  to   space 13312K, 0% used [0x00000000f7700000,0x00000000f7700000,0x00000000f8400000)
 ParOldGen       total 349696K, used 349694K [0x00000000e0000000, 0x00000000f5580000, 0x00000000f5580000)
  object space 349696K, 99% used [0x00000000e0000000,0x00000000f557f800,0x00000000f5580000)
 Metaspace       used 59470K, committed 60608K, reserved 1105920K
  class space    used 5870K, committed 6336K, reserved 1048576K
}
Event: 1610.262 GC heap after
{Heap after GC invocations=840 (full 748):
 PSYoungGen      total 47616K, used 34303K [0x00000000f5580000, 0x00000000fb480000, 0x0000000100000000)
  eden space 34304K, 99% used [0x00000000f5580000,0x00000000f76fff60,0x00000000f7700000)
  from space 13312K, 0% used [0x00000000f7700000,0x00000000f7700000,0x00000000f8400000)
  to   space 28672K, 0% used [0x00000000f9880000,0x00000000f9880000,0x00000000fb480000)
 ParOldGen       total 349696K, used 349694K [0x00000000e0000000, 0x00000000f5580000, 0x00000000f5580000)
  object space 349696K, 99% used [0x00000000e0000000,0x00000000f557f800,0x00000000f5580000)
 Metaspace       used 59470K, committed 60608K, reserved 1105920K
  class space    used 5870K, committed 6336K, reserved 1048576K
}
Event: 1610.313 GC heap before
{Heap before GC invocations=841 (full 749):
 PSYoungGen      total 47616K, used 34304K [0x00000000f5580000, 0x00000000fb480000, 0x0000000100000000)
  eden space 34304K, 100% used [0x00000000f5580000,0x00000000f7700000,0x00000000f7700000)
  from space 13312K, 0% used [0x00000000f7700000,0x00000000f7700000,0x00000000f8400000)
  to   space 28672K, 0% used [0x00000000f9880000,0x00000000f9880000,0x00000000fb480000)
 ParOldGen       total 349696K, used 349694K [0x00000000e0000000, 0x00000000f5580000, 0x00000000f5580000)
  object space 349696K, 99% used [0x00000000e0000000,0x00000000f557f800,0x00000000f5580000)
 Metaspace       used 59470K, committed 60608K, reserved 1105920K
  class space    used 5870K, committed 6336K, reserved 1048576K
}
Event: 1612.250 GC heap after
{Heap after GC invocations=841 (full 749):
 PSYoungGen      total 62976K, used 34303K [0x00000000f5580000, 0x00000000fb480000, 0x0000000100000000)
  eden space 34304K, 99% used [0x00000000f5580000,0x00000000f76fff60,0x00000000f7700000)
  from space 28672K, 0% used [0x00000000f9880000,0x00000000f9880000,0x00000000fb480000)
  to   space 13312K, 0% used [0x00000000f7700000,0x00000000f7700000,0x00000000f8400000)
 ParOldGen       total 349696K, used 349694K [0x00000000e0000000, 0x00000000f5580000, 0x00000000f5580000)
  object space 349696K, 99% used [0x00000000e0000000,0x00000000f557f800,0x00000000f5580000)
 Metaspace       used 59470K, committed 60608K, reserved 1105920K
  class space    used 5870K, committed 6336K, reserved 1048576K
}
Event: 1612.251 GC heap before
{Heap before GC invocations=842 (full 750):
 PSYoungGen      total 62976K, used 34304K [0x00000000f5580000, 0x00000000fb480000, 0x0000000100000000)
  eden space 34304K, 100% used [0x00000000f5580000,0x00000000f7700000,0x00000000f7700000)
  from space 28672K, 0% used [0x00000000f9880000,0x00000000f9880000,0x00000000fb480000)
  to   space 13312K, 0% used [0x00000000f7700000,0x00000000f7700000,0x00000000f8400000)
 ParOldGen       total 349696K, used 349694K [0x00000000e0000000, 0x00000000f5580000, 0x00000000f5580000)
  object space 349696K, 99% used [0x00000000e0000000,0x00000000f557f800,0x00000000f5580000)
 Metaspace       used 59470K, committed 60608K, reserved 1105920K
  class space    used 5870K, committed 6336K, reserved 1048576K
}
Event: 1614.114 GC heap after
{Heap after GC invocations=842 (full 750):
 PSYoungGen      total 47616K, used 34303K [0x00000000f5580000, 0x00000000fb480000, 0x0000000100000000)
  eden space 34304K, 99% used [0x00000000f5580000,0x00000000f76fff60,0x00000000f7700000)
  from space 13312K, 0% used [0x00000000f7700000,0x00000000f7700000,0x00000000f8400000)
  to   space 28672K, 0% used [0x00000000f9880000,0x00000000f9880000,0x00000000fb480000)
 ParOldGen       total 349696K, used 349694K [0x00000000e0000000, 0x00000000f5580000, 0x00000000f5580000)
  object space 349696K, 99% used [0x00000000e0000000,0x00000000f557f800,0x00000000f5580000)
 Metaspace       used 59470K, committed 60608K, reserved 1105920K
  class space    used 5870K, committed 6336K, reserved 1048576K
}
Event: 1614.114 GC heap before
{Heap before GC invocations=843 (full 751):
 PSYoungGen      total 47616K, used 34304K [0x00000000f5580000, 0x00000000fb480000, 0x0000000100000000)
  eden space 34304K, 100% used [0x00000000f5580000,0x00000000f7700000,0x00000000f7700000)
  from space 13312K, 0% used [0x00000000f7700000,0x00000000f7700000,0x00000000f8400000)
  to   space 28672K, 0% used [0x00000000f9880000,0x00000000f9880000,0x00000000fb480000)
 ParOldGen       total 349696K, used 349694K [0x00000000e0000000, 0x00000000f5580000, 0x00000000f5580000)
  object space 349696K, 99% used [0x00000000e0000000,0x00000000f557f800,0x00000000f5580000)
 Metaspace       used 59470K, committed 60608K, reserved 1105920K
  class space    used 5870K, committed 6336K, reserved 1048576K
}
Event: 1615.816 GC heap after
{Heap after GC invocations=843 (full 751):
 PSYoungGen      total 62976K, used 34303K [0x00000000f5580000, 0x00000000fb480000, 0x0000000100000000)
  eden space 34304K, 99% used [0x00000000f5580000,0x00000000f76fff60,0x00000000f7700000)
  from space 28672K, 0% used [0x00000000f9880000,0x00000000f9880000,0x00000000fb480000)
  to   space 13312K, 0% used [0x00000000f7700000,0x00000000f7700000,0x00000000f8400000)
 ParOldGen       total 349696K, used 349694K [0x00000000e0000000, 0x00000000f5580000, 0x00000000f5580000)
  object space 349696K, 99% used [0x00000000e0000000,0x00000000f557f800,0x00000000f5580000)
 Metaspace       used 59470K, committed 60608K, reserved 1105920K
  class space    used 5870K, committed 6336K, reserved 1048576K
}
Event: 1615.816 GC heap before
{Heap before GC invocations=844 (full 752):
 PSYoungGen      total 62976K, used 34304K [0x00000000f5580000, 0x00000000fb480000, 0x0000000100000000)
  eden space 34304K, 100% used [0x00000000f5580000,0x00000000f7700000,0x00000000f7700000)
  from space 28672K, 0% used [0x00000000f9880000,0x00000000f9880000,0x00000000fb480000)
  to   space 13312K, 0% used [0x00000000f7700000,0x00000000f7700000,0x00000000f8400000)
 ParOldGen       total 349696K, used 349694K [0x00000000e0000000, 0x00000000f5580000, 0x00000000f5580000)
  object space 349696K, 99% used [0x00000000e0000000,0x00000000f557f800,0x00000000f5580000)
 Metaspace       used 59470K, committed 60608K, reserved 1105920K
  class space    used 5870K, committed 6336K, reserved 1048576K
}
Event: 1617.717 GC heap after
{Heap after GC invocations=844 (full 752):
 PSYoungGen      total 47616K, used 34303K [0x00000000f5580000, 0x00000000fb480000, 0x0000000100000000)
  eden space 34304K, 99% used [0x00000000f5580000,0x00000000f76fffc0,0x00000000f7700000)
  from space 13312K, 0% used [0x00000000f7700000,0x00000000f7700000,0x00000000f8400000)
  to   space 28672K, 0% used [0x00000000f9880000,0x00000000f9880000,0x00000000fb480000)
 ParOldGen       total 349696K, used 349694K [0x00000000e0000000, 0x00000000f5580000, 0x00000000f5580000)
  object space 349696K, 99% used [0x00000000e0000000,0x00000000f557f800,0x00000000f5580000)
 Metaspace       used 59470K, committed 60608K, reserved 1105920K
  class space    used 5870K, committed 6336K, reserved 1048576K
}
Event: 1617.717 GC heap before
{Heap before GC invocations=845 (full 753):
 PSYoungGen      total 47616K, used 34303K [0x00000000f5580000, 0x00000000fb480000, 0x0000000100000000)
  eden space 34304K, 99% used [0x00000000f5580000,0x00000000f76fffc0,0x00000000f7700000)
  from space 13312K, 0% used [0x00000000f7700000,0x00000000f7700000,0x00000000f8400000)
  to   space 28672K, 0% used [0x00000000f9880000,0x00000000f9880000,0x00000000fb480000)
 ParOldGen       total 349696K, used 349694K [0x00000000e0000000, 0x00000000f5580000, 0x00000000f5580000)
  object space 349696K, 99% used [0x00000000e0000000,0x00000000f557f800,0x00000000f5580000)
 Metaspace       used 59470K, committed 60608K, reserved 1105920K
  class space    used 5870K, committed 6336K, reserved 1048576K
}
Event: 1619.424 GC heap after
{Heap after GC invocations=845 (full 753):
 PSYoungGen      total 62976K, used 34303K [0x00000000f5580000, 0x00000000fb480000, 0x0000000100000000)
  eden space 34304K, 99% used [0x00000000f5580000,0x00000000f76fffc0,0x00000000f7700000)
  from space 28672K, 0% used [0x00000000f9880000,0x00000000f9880000,0x00000000fb480000)
  to   space 13312K, 0% used [0x00000000f7700000,0x00000000f7700000,0x00000000f8400000)
 ParOldGen       total 349696K, used 349693K [0x00000000e0000000, 0x00000000f5580000, 0x00000000f5580000)
  object space 349696K, 99% used [0x00000000e0000000,0x00000000f557f560,0x00000000f5580000)
 Metaspace       used 59470K, committed 60608K, reserved 1105920K
  class space    used 5870K, committed 6336K, reserved 1048576K
}

Dll operation events (9 events):
Event: 0.002 Loaded shared library /nix/store/gpxl5qgg8kicmcvivwmybwjlpf7wh20l-graalvm17-ce-22.3.0/lib/libjava.so
Event: 0.011 Loaded shared library /nix/store/gpxl5qgg8kicmcvivwmybwjlpf7wh20l-graalvm17-ce-22.3.0/lib/libjsvml.so
Event: 0.238 Loaded shared library /nix/store/gpxl5qgg8kicmcvivwmybwjlpf7wh20l-graalvm17-ce-22.3.0/lib/libnio.so
Event: 0.241 Loaded shared library /nix/store/gpxl5qgg8kicmcvivwmybwjlpf7wh20l-graalvm17-ce-22.3.0/lib/libzip.so
Event: 0.244 Loaded shared library /nix/store/gpxl5qgg8kicmcvivwmybwjlpf7wh20l-graalvm17-ce-22.3.0/lib/libjvmcicompiler.so
Event: 0.632 Loaded shared library /nix/store/gpxl5qgg8kicmcvivwmybwjlpf7wh20l-graalvm17-ce-22.3.0/lib/libjimage.so
Event: 1.337 Loaded shared library /nix/store/gpxl5qgg8kicmcvivwmybwjlpf7wh20l-graalvm17-ce-22.3.0/lib/libnet.so
Event: 6.137 Loaded shared library /home/runner/.cache/jdt-language-server/config/org.eclipse.equinox.launcher/org.eclipse.equinox.launcher.gtk.linux.x86_64_1.2.400.v20211117-0650/eclipse_11600.so
Event: 16.829 Loaded shared library /nix/store/gpxl5qgg8kicmcvivwmybwjlpf7wh20l-graalvm17-ce-22.3.0/lib/libextnet.so

Deoptimization events (20 events):
Event: 83.929 Thread 0x00007f893c48a530 DEOPT PACKING pc=0x00007f89909545dd sp=0x00007f8955ffe530
Event: 83.929 Thread 0x00007f893c48a530 DEOPT UNPACKING pc=0x00007f898f505325 sp=0x00007f8955ffda20 mode 0
Event: 83.931 Thread 0x00007f893c48a530 DEOPT PACKING pc=0x00007f89909545dd sp=0x00007f8955ffe530
Event: 83.931 Thread 0x00007f893c48a530 DEOPT UNPACKING pc=0x00007f898f505325 sp=0x00007f8955ffda20 mode 0
Event: 83.933 Thread 0x00007f893c48a530 DEOPT PACKING pc=0x00007f89909545dd sp=0x00007f8955ffe530
Event: 83.933 Thread 0x00007f893c48a530 DEOPT UNPACKING pc=0x00007f898f505325 sp=0x00007f8955ffda20 mode 0
Event: 83.935 Thread 0x00007f893c48a530 DEOPT PACKING pc=0x00007f89909545dd sp=0x00007f8955ffe530
Event: 83.935 Thread 0x00007f893c48a530 DEOPT UNPACKING pc=0x00007f898f505325 sp=0x00007f8955ffda20 mode 0
Event: 83.937 Thread 0x00007f893c48a530 DEOPT PACKING pc=0x00007f899095456c sp=0x00007f8955ffe530
Event: 83.937 Thread 0x00007f893c48a530 DEOPT UNPACKING pc=0x00007f898f505325 sp=0x00007f8955ffda20 mode 0
Event: 84.017 Thread 0x00007f893c48a530 DEOPT PACKING pc=0x00007f89909545dd sp=0x00007f8955ffe530
Event: 84.017 Thread 0x00007f893c48a530 DEOPT UNPACKING pc=0x00007f898f505325 sp=0x00007f8955ffda20 mode 0
Event: 84.019 Thread 0x00007f893c48a530 DEOPT PACKING pc=0x00007f89909545dd sp=0x00007f8955ffe530
Event: 84.019 Thread 0x00007f893c48a530 DEOPT UNPACKING pc=0x00007f898f505325 sp=0x00007f8955ffda20 mode 0
Event: 84.021 Thread 0x00007f893c48a530 DEOPT PACKING pc=0x00007f89909545dd sp=0x00007f8955ffe530
Event: 84.021 Thread 0x00007f893c48a530 DEOPT UNPACKING pc=0x00007f898f505325 sp=0x00007f8955ffda20 mode 0
Event: 84.022 Thread 0x00007f893c48a530 DEOPT PACKING pc=0x00007f89909545dd sp=0x00007f8955ffe530
Event: 84.022 Thread 0x00007f893c48a530 DEOPT UNPACKING pc=0x00007f898f505325 sp=0x00007f8955ffda20 mode 0
Event: 84.024 Thread 0x00007f893c48a530 DEOPT PACKING pc=0x00007f89909545dd sp=0x00007f8955ffe530
Event: 84.024 Thread 0x00007f893c48a530 DEOPT UNPACKING pc=0x00007f898f505325 sp=0x00007f8955ffda20 mode 0

Classes unloaded (20 events):
Event: 173.540 Thread 0x00007f89a80a1b20 Unloading class 0x0000000801124800 'jdk/internal/reflect/GeneratedSerializationConstructorAccessor10'
Event: 173.540 Thread 0x00007f89a80a1b20 Unloading class 0x0000000801124400 'jdk/internal/reflect/GeneratedSerializationConstructorAccessor9'
Event: 173.540 Thread 0x00007f89a80a1b20 Unloading class 0x0000000801124000 'jdk/internal/reflect/GeneratedSerializationConstructorAccessor8'
Event: 173.540 Thread 0x00007f89a80a1b20 Unloading class 0x0000000801118000 'jdk/internal/reflect/GeneratedSerializationConstructorAccessor7'
Event: 173.540 Thread 0x00007f89a80a1b20 Unloading class 0x0000000801111c00 'jdk/internal/reflect/GeneratedSerializationConstructorAccessor6'
Event: 173.540 Thread 0x00007f89a80a1b20 Unloading class 0x0000000801111800 'jdk/internal/reflect/GeneratedSerializationConstructorAccessor5'
Event: 173.540 Thread 0x00007f89a80a1b20 Unloading class 0x0000000801111400 'jdk/internal/reflect/GeneratedSerializationConstructorAccessor4'
Event: 173.540 Thread 0x00007f89a80a1b20 Unloading class 0x0000000801104000 'jdk/internal/reflect/GeneratedConstructorAccessor37'
Event: 173.540 Thread 0x00007f89a80a1b20 Unloading class 0x00000008010e4c00 'jdk/internal/reflect/GeneratedMethodAccessor10'
Event: 173.540 Thread 0x00007f89a80a1b20 Unloading class 0x00000008010e4800 'jdk/internal/reflect/GeneratedMethodAccessor9'
Event: 173.540 Thread 0x00007f89a80a1b20 Unloading class 0x00000008010e4400 'jdk/internal/reflect/GeneratedMethodAccessor8'
Event: 173.540 Thread 0x00007f89a80a1b20 Unloading class 0x00000008010e4000 'jdk/internal/reflect/GeneratedMethodAccessor7'
Event: 173.540 Thread 0x00007f89a80a1b20 Unloading class 0x00000008010bc400 'jdk/internal/reflect/GeneratedSerializationConstructorAccessor3'
Event: 173.540 Thread 0x00007f89a80a1b20 Unloading class 0x00000008010bc000 'jdk/internal/reflect/GeneratedConstructorAccessor29'
Event: 173.540 Thread 0x00007f89a80a1b20 Unloading class 0x000000080108e400 'jdk/internal/reflect/GeneratedSerializationConstructorAccessor2'
Event: 173.540 Thread 0x00007f89a80a1b20 Unloading class 0x000000080108e000 'jdk/internal/reflect/GeneratedSerializationConstructorAccessor1'
Event: 173.540 Thread 0x00007f89a80a1b20 Unloading class 0x0000000800ef8800 'jdk/internal/reflect/GeneratedConstructorAccessor14'
Event: 173.540 Thread 0x00007f89a80a1b20 Unloading class 0x0000000800ef4800 'jdk/internal/reflect/GeneratedConstructorAccessor10'
Event: 173.540 Thread 0x00007f89a80a1b20 Unloading class 0x0000000800ef4400 'jdk/internal/reflect/GeneratedConstructorAccessor9'
Event: 173.540 Thread 0x00007f89a80a1b20 Unloading class 0x0000000800ef4000 'jdk/internal/reflect/GeneratedConstructorAccessor8'

Classes redefined (0 events):
No events

Internal exceptions (20 events):
Event: 50.222 Thread 0x00007f8914001130 Exception <a 'sun/nio/fs/UnixException'{0x00000000f660a470}> (0x00000000f660a470) 
thrown [src/hotspot/share/prims/jni.cpp, line 516]
Event: 50.622 Thread 0x00007f89a83fea20 Exception <a 'java/lang/NoSuchMethodError'{0x00000000f5dbec18}: 'java.lang.Object java.lang.invoke.DirectMethodHandle$Holder.invokeInterface(java.lang.Object, java.lang.Object, java.lang.Object)'> (0x00000000f5dbec18) 
thrown [src/hotspot/share/interpreter/linkResolver.cpp, line 758]
Event: 50.919 Thread 0x00007f89300010d0 Exception <a 'java/lang/NoSuchMethodError'{0x00000000f64cbe70}: static [Lorg/eclipse/core/runtime/IPath;.<clinit>()V> (0x00000000f64cbe70) 
thrown [src/hotspot/share/prims/jni.cpp, line 1107]
Event: 50.927 Thread 0x00007f89300010d0 Exception <a 'java/lang/NoSuchMethodError'{0x00000000f662fc30}: static [J.<clinit>()V> (0x00000000f662fc30) 
thrown [src/hotspot/share/prims/jni.cpp, line 1107]
Event: 55.615 Thread 0x00007f893c302ae0 Exception <a 'java/lang/NoSuchMethodError'{0x00000000f6768308}: 'java.lang.Object java.lang.invoke.DirectMethodHandle$Holder.newInvokeSpecial(java.lang.Object, java.lang.Object, java.lang.Object, int, java.lang.Object)'> (0x00000000f6768308) 
thrown [src/hotspot/share/interpreter/linkResolver.cpp, line 758]
Event: 55.616 Thread 0x00007f893c302ae0 Exception <a 'java/lang/NoSuchMethodError'{0x00000000f6775840}: 'java.lang.Object java.lang.invoke.DirectMethodHandle$Holder.invokeSpecial(java.lang.Object, java.lang.Object, java.lang.Object, java.lang.Object, int, java.lang.Object)'> (0x00000000f6775840) 
thrown [src/hotspot/share/interpreter/linkResolver.cpp, line 758]
Event: 55.617 Thread 0x00007f893c302ae0 Exception <a 'java/lang/NoSuchMethodError'{0x00000000f6779eb8}: 'java.lang.Object java.lang.invoke.Invokers$Holder.linkToTargetMethod(java.lang.Object, java.lang.Object, int, java.lang.Object, java.lang.Object)'> (0x00000000f6779eb8) 
thrown [src/hotspot/share/interpreter/linkResolver.cpp, line 758]
Event: 56.438 Thread 0x00007f8930007500 Exception <a 'java/io/FileNotFoundException'{0x00000000f5ce01f8}> (0x00000000f5ce01f8) 
thrown [src/hotspot/share/prims/jni.cpp, line 516]
Event: 58.421 Thread 0x00007f891819b940 Implicit null exception at 0x00007f89970c1f69 to 0x00007f89970c211b
Event: 61.727 Thread 0x00007f8930314e40 Exception <a 'java/lang/NoSuchMethodError'{0x00000000f671ff98}: 'java.lang.Object java.lang.invoke.DirectMethodHandle$Holder.invokeStatic(java.lang.Object, java.lang.Object, java.lang.Object, long)'> (0x00000000f671ff98) 
thrown [src/hotspot/share/interpreter/linkResolver.cpp, line 758]
Event: 61.728 Thread 0x00007f8930314e40 Exception <a 'java/lang/NoSuchMethodError'{0x00000000f6727690}: 'java.lang.Object java.lang.invoke.DirectMethodHandle$Holder.newInvokeSpecial(java.lang.Object, java.lang.Object, java.lang.Object, long)'> (0x00000000f6727690) 
thrown [src/hotspot/share/interpreter/linkResolver.cpp, line 758]
Event: 61.728 Thread 0x00007f8930314e40 Exception <a 'java/lang/NoSuchMethodError'{0x00000000f672b7a8}: 'java.lang.Object java.lang.invoke.DirectMethodHandle$Holder.invokeSpecial(java.lang.Object, java.lang.Object, java.lang.Object, java.lang.Object, long)'> (0x00000000f672b7a8) 
thrown [src/hotspot/share/interpreter/linkResolver.cpp, line 758]
Event: 61.728 Thread 0x00007f8930314e40 Exception <a 'java/lang/NoSuchMethodError'{0x00000000f672f0d0}: 'java.lang.Object java.lang.invoke.Invokers$Holder.linkToTargetMethod(java.lang.Object, java.lang.Object, long, java.lang.Object)'> (0x00000000f672f0d0) 
thrown [src/hotspot/share/interpreter/linkResolver.cpp, line 758]
Event: 61.740 Thread 0x00007f8930314e40 Exception <a 'java/lang/NoSuchMethodError'{0x00000000f679d730}: 'java.lang.Object java.lang.invoke.DirectMethodHandle$Holder.newInvokeSpecial(java.lang.Object, java.lang.Object, int, java.lang.Object, java.lang.Object)'> (0x00000000f679d730) 
thrown [src/hotspot/share/interpreter/linkResolver.cpp, line 758]
Event: 61.742 Thread 0x00007f8930314e40 Exception <a 'java/lang/NoSuchMethodError'{0x00000000f67a1bb8}: 'java.lang.Object java.lang.invoke.DirectMethodHandle$Holder.invokeSpecial(java.lang.Object, java.lang.Object, java.lang.Object, int, java.lang.Object, java.lang.Object)'> (0x00000000f67a1bb8) 
thrown [src/hotspot/share/interpreter/linkResolver.cpp, line 758]
Event: 62.019 Thread 0x00007f891819b940 Exception <a 'java/lang/NoSuchMethodError'{0x00000000f6cb5a60}: 'java.lang.Object java.lang.invoke.DirectMethodHandle$Holder.invokeStatic(java.lang.Object, int, java.lang.Object, java.lang.Object, java.lang.Object, java.lang.Object)'> (0x00000000f6cb5a60) 
thrown [src/hotspot/share/interpreter/linkResolver.cpp, line 758]
Event: 62.023 Thread 0x00007f891819b940 Exception <a 'java/lang/NoSuchMethodError'{0x00000000f6cbdf80}: 'java.lang.Object java.lang.invoke.DirectMethodHandle$Holder.newInvokeSpecial(java.lang.Object, int, java.lang.Object, java.lang.Object, java.lang.Object)'> (0x00000000f6cbdf80) 
thrown [src/hotspot/share/interpreter/linkResolver.cpp, line 758]
Event: 63.013 Thread 0x00007f891819b940 Exception <a 'java/lang/NoSuchMethodError'{0x00000000f6210ec0}: 'void java.lang.invoke.DirectMethodHandle$Holder.invokeSpecial(java.lang.Object, java.lang.Object, int)'> (0x00000000f6210ec0) 
thrown [src/hotspot/share/interpreter/linkResolver.cpp, line 758]
Event: 64.922 Thread 0x00007f891819b940 Exception <a 'java/lang/NoSuchMethodError'{0x00000000f60c72d8}: 'int java.lang.invoke.DirectMethodHandle$Holder.invokeSpecialIFC(java.lang.Object, java.lang.Object, java.lang.Object, java.lang.Object)'> (0x00000000f60c72d8) 
thrown [src/hotspot/share/interpreter/linkResolver.cpp, line 758]
Event: 1619.425 Thread 0x00007f89a80b20e0 Exception <a 'java/lang/OutOfMemoryError'{0x00000000e0004378}> (0x00000000e0004378) 
thrown [src/hotspot/share/gc/shared/memAllocator.cpp, line 136]

VM Operations (20 events):
Event: 1600.945 Executing VM operation: ParallelGCFailedAllocation done
Event: 1600.946 Executing VM operation: ParallelGCFailedAllocation
Event: 1603.152 Executing VM operation: ParallelGCFailedAllocation done
Event: 1603.152 Executing VM operation: ParallelGCFailedAllocation
Event: 1605.051 Executing VM operation: ParallelGCFailedAllocation done
Event: 1605.051 Executing VM operation: ParallelGCFailedAllocation
Event: 1606.752 Executing VM operation: ParallelGCFailedAllocation done
Event: 1606.752 Executing VM operation: ParallelGCFailedAllocation
Event: 1608.651 Executing VM operation: ParallelGCFailedAllocation done
Event: 1608.651 Executing VM operation: ParallelGCFailedAllocation
Event: 1610.262 Executing VM operation: ParallelGCFailedAllocation done
Event: 1610.313 Executing VM operation: ParallelGCFailedAllocation
Event: 1612.250 Executing VM operation: ParallelGCFailedAllocation done
Event: 1612.251 Executing VM operation: ParallelGCFailedAllocation
Event: 1614.114 Executing VM operation: ParallelGCFailedAllocation done
Event: 1614.114 Executing VM operation: ParallelGCFailedAllocation
Event: 1615.816 Executing VM operation: ParallelGCFailedAllocation done
Event: 1615.816 Executing VM operation: ParallelGCFailedAllocation
Event: 1619.424 Executing VM operation: ParallelGCFailedAllocation done
Event: 1619.425 Executing VM operation: ParallelGCFailedAllocation

Events (20 events):
Event: 381.634 loading class javax/net/ssl/SSLException
Event: 401.434 loading class javax/net/ssl/SSLException done
Event: 423.916 loading class java/lang/AssertionError
Event: 423.916 loading class java/lang/AssertionError done
Event: 423.916 Thread 0x00007f8938447250 Thread exited: 0x00007f8938447250
Event: 423.917 Thread 0x00007f88fc001dd0 Thread exited: 0x00007f88fc001dd0
Event: 429.919 Thread 0x00007f8938447b70 Thread exited: 0x00007f8938447b70
Event: 680.413 Thread 0x00007f891818acd0 Thread added: 0x00007f891818acd0
Event: 680.413 Protecting memory [0x00007f8956a00000,0x00007f8956a04000] with protection modes 0
Event: 902.219 loading class java/util/concurrent/CancellationException
Event: 902.219 loading class java/util/concurrent/CancellationException done
Event: 906.534 loading class java/util/concurrent/CompletionException
Event: 906.534 loading class java/util/concurrent/CompletionException done
Event: 1017.513 Thread 0x00007f891818acd0 Thread exited: 0x00007f891818acd0
Event: 1142.849 Thread 0x00007f891818acd0 Thread added: 0x00007f891818acd0
Event: 1142.849 Protecting memory [0x00007f8956a00000,0x00007f8956a04000] with protection modes 0
Event: 1242.532 Thread 0x00007f89180370d0 Thread added: 0x00007f89180370d0
Event: 1242.532 Protecting memory [0x00007f8956600000,0x00007f8956604000] with protection modes 0
Event: 1334.130 Thread 0x00007f89180378d0 Thread added: 0x00007f89180378d0
Event: 1334.130 Protecting memory [0x00007f898c000000,0x00007f898c004000] with protection modes 0


Dynamic libraries:
e0000000-f5580000 rw-p 00000000 00:00 0 
f5580000-fb480000 rw-p 00000000 00:00 0 
fb480000-100000000 ---p 00000000 00:00 0 
800000000-800449000 rw-p 00001000 00:51a 4611686019135357769             /nix/store/gpxl5qgg8kicmcvivwmybwjlpf7wh20l-graalvm17-ce-22.3.0/lib/server/classes.jsa
800449000-800bc8000 r--p 0044a000 00:51a 4611686019135357769             /nix/store/gpxl5qgg8kicmcvivwmybwjlpf7wh20l-graalvm17-ce-22.3.0/lib/server/classes.jsa
800bc8000-800c00000 ---p 00000000 00:00 0 
800c00000-800c20000 rw-p 00000000 00:00 0 
800c20000-800c40000 rw-p 00000000 00:00 0 
800c40000-800cc0000 rw-p 00000000 00:00 0 
800cc0000-800d00000 rw-p 00000000 00:00 0 
800d00000-800dc0000 rw-p 00000000 00:00 0 
800dc0000-800e00000 rw-p 00000000 00:00 0 
800e00000-800f40000 rw-p 00000000 00:00 0 
800f40000-800fc0000 rw-p 00000000 00:00 0 
800fc0000-801000000 rw-p 00000000 00:00 0 
801000000-801230000 rw-p 00000000 00:00 0 
801230000-840c00000 ---p 00000000 00:00 0 
56202aa1b000-56202aa1c000 r-xp 00000000 00:51a 4611686019099417844       /nix/store/gpxl5qgg8kicmcvivwmybwjlpf7wh20l-graalvm17-ce-22.3.0/bin/.java-wrapped
56202aa1d000-56202aa1e000 r--p 00001000 00:51a 4611686019099417844       /nix/store/gpxl5qgg8kicmcvivwmybwjlpf7wh20l-graalvm17-ce-22.3.0/bin/.java-wrapped
56202aa1e000-56202aa1f000 rw-p 00002000 00:51a 4611686019099417844       /nix/store/gpxl5qgg8kicmcvivwmybwjlpf7wh20l-graalvm17-ce-22.3.0/bin/.java-wrapped
56202aa1f000-56202aa20000 rw-p 00004000 00:51a 4611686019099417844       /nix/store/gpxl5qgg8kicmcvivwmybwjlpf7wh20l-graalvm17-ce-22.3.0/bin/.java-wrapped
56202aa20000-56202aa21000 rw-p 00005000 00:51a 4611686019099417844       /nix/store/gpxl5qgg8kicmcvivwmybwjlpf7wh20l-graalvm17-ce-22.3.0/bin/.java-wrapped
56202bb31000-56202bb79000 rw-p 00000000 00:00 0                          [heap]
7f88e4000000-7f88e424c000 rw-p 00000000 00:00 0 
7f88e424c000-7f88e8000000 ---p 00000000 00:00 0 
7f88ec000000-7f88ec021000 rw-p 00000000 00:00 0 
7f88ec021000-7f88f0000000 ---p 00000000 00:00 0 
7f88f0000000-7f88f0021000 rw-p 00000000 00:00 0 
7f88f0021000-7f88f4000000 ---p 00000000 00:00 0 
7f88f4000000-7f88f4021000 rw-p 00000000 00:00 0 
7f88f4021000-7f88f8000000 ---p 00000000 00:00 0 
7f88f8000000-7f88f8021000 rw-p 00000000 00:00 0 
7f88f8021000-7f88fc000000 ---p 00000000 00:00 0 
7f88fc000000-7f88fc021000 rw-p 00000000 00:00 0 
7f88fc021000-7f8900000000 ---p 00000000 00:00 0 
7f8900800000-7f8900d70000 rw-p 00000000 00:00 0 
7f8900d70000-7f8901000000 ---p 00000000 00:00 0 
7f8901c00000-7f8901f00000 rw-p 00000000 00:00 0 
7f8901f00000-7f8901f90000 rw-p 00000000 00:00 0 
7f8901f90000-7f8902000000 ---p 00000000 00:00 0 
7f8902000000-7f8902400000 rw-p 00000000 00:00 0 
7f89024b3000-7f890c000000 r--s 00000000 00:51a 4611686019135192581       /nix/store/gpxl5qgg8kicmcvivwmybwjlpf7wh20l-graalvm17-ce-22.3.0/lib/modules
7f890c000000-7f890c021000 rw-p 00000000 00:00 0 
7f890c021000-7f8910000000 ---p 00000000 00:00 0 
7f8910000000-7f891003e000 rw-p 00000000 00:00 0 
7f891003e000-7f8914000000 ---p 00000000 00:00 0 
7f8914000000-7f8914122000 rw-p 00000000 00:00 0 
7f8914122000-7f8918000000 ---p 00000000 00:00 0 
7f8918000000-7f89181a5000 rw-p 00000000 00:00 0 
7f89181a5000-7f891c000000 ---p 00000000 00:00 0 
7f891c000000-7f891c021000 rw-p 00000000 00:00 0 
7f891c021000-7f8920000000 ---p 00000000 00:00 0 
7f8920000000-7f8920021000 rw-p 00000000 00:00 0 
7f8920021000-7f8924000000 ---p 00000000 00:00 0 
7f8924000000-7f8924049000 rw-p 00000000 00:00 0 
7f8924049000-7f8928000000 ---p 00000000 00:00 0 
7f8928000000-7f8928080000 rw-p 00000000 00:00 0 
7f8928080000-7f892c000000 ---p 00000000 00:00 0 
7f892c000000-7f892c021000 rw-p 00000000 00:00 0 
7f892c021000-7f8930000000 ---p 00000000 00:00 0 
7f8930000000-7f8930320000 rw-p 00000000 00:00 0 
7f8930320000-7f8934000000 ---p 00000000 00:00 0 
7f8934000000-7f8934021000 rw-p 00000000 00:00 0 
7f8934021000-7f8938000000 ---p 00000000 00:00 0 
7f8938000000-7f8938525000 rw-p 00000000 00:00 0 
7f8938525000-7f893c000000 ---p 00000000 00:00 0 
7f893c000000-7f893c8f3000 rw-p 00000000 00:00 0 
7f893c8f3000-7f8940000000 ---p 00000000 00:00 0 
7f8940000000-7f8940026000 rw-p 00000000 00:00 0 
7f8940026000-7f8944000000 ---p 00000000 00:00 0 
7f8944000000-7f8944021000 rw-p 00000000 00:00 0 
7f8944021000-7f8948000000 ---p 00000000 00:00 0 
7f8948000000-7f8948021000 rw-p 00000000 00:00 0 
7f8948021000-7f894c000000 ---p 00000000 00:00 0 
7f894c000000-7f894c021000 rw-p 00000000 00:00 0 
7f894c021000-7f8950000000 ---p 00000000 00:00 0 
7f8950800000-7f8950d80000 rw-p 00000000 00:00 0 
7f8950d80000-7f8950e00000 rw-p 00000000 00:00 0 
7f8950e00000-7f8951000000 rw-p 00000000 00:00 0 
7f8951000000-7f89510c0000 rw-p 00000000 00:00 0 
7f89510c0000-7f8951100000 rw-p 00000000 00:00 0 
7f8951100000-7f8951300000 rw-p 00000000 00:00 0 
7f8951300000-7f8951500000 rw-p 00000000 00:00 0 
7f8951500000-7f8951700000 rw-p 00000000 00:00 0 
7f8951700000-7f8951800000 rw-p 00000000 00:00 0 
7f8951800000-7f8951900000 rw-p 00000000 00:00 0 
7f8951900000-7f8951a00000 rw-p 00000000 00:00 0 
7f8951a00000-7f8951fa0000 rw-p 00000000 00:00 0 
7f8951fa0000-7f8951fc0000 rw-p 00000000 00:00 0 
7f8951fc0000-7f8952000000 rw-p 00000000 00:00 0 
7f8952000000-7f8952100000 rw-p 00000000 00:00 0 
7f8952100000-7f8952200000 rw-p 00000000 00:00 0 
7f8952200000-7f8952500000 rw-p 00000000 00:00 0 
7f8952500000-7f8952600000 rw-p 00000000 00:00 0 
7f8952600000-7f8952800000 rw-p 00000000 00:00 0 
7f8952800000-7f8952810000 r-xp 00000000 00:4cb 362                       /home/runner/.cache/jdt-language-server/config/org.eclipse.equinox.launcher/org.eclipse.equinox.launcher.gtk.linux.x86_64_1.2.400.v20211117-0650/eclipse_11600.so
7f8952810000-7f8952a0f000 ---p 00010000 00:4cb 362                       /home/runner/.cache/jdt-language-server/config/org.eclipse.equinox.launcher/org.eclipse.equinox.launcher.gtk.linux.x86_64_1.2.400.v20211117-0650/eclipse_11600.so
7f8952a0f000-7f8952a10000 r--p 0000f000 00:4cb 362                       /home/runner/.cache/jdt-language-server/config/org.eclipse.equinox.launcher/org.eclipse.equinox.launcher.gtk.linux.x86_64_1.2.400.v20211117-0650/eclipse_11600.so
7f8952a10000-7f8952a11000 rw-p 00010000 00:4cb 362                       /home/runner/.cache/jdt-language-server/config/org.eclipse.equinox.launcher/org.eclipse.equinox.launcher.gtk.linux.x86_64_1.2.400.v20211117-0650/eclipse_11600.so
7f8953b00000-7f8953c00000 ---p 00000000 00:00 0 
7f8953c00000-7f89541af000 r--p 01122000 00:51a 4611686019135190040       /nix/store/gpxl5qgg8kicmcvivwmybwjlpf7wh20l-graalvm17-ce-22.3.0/lib/libjvmcicompiler.so
7f89541af000-7f8954300000 r--p 00000000 00:00 0 
7f8954300000-7f895433d000 rw-p 00000000 00:00 0 
7f895433d000-7f895485d000 rw-p 0185f000 00:51a 4611686019135190040       /nix/store/gpxl5qgg8kicmcvivwmybwjlpf7wh20l-graalvm17-ce-22.3.0/lib/libjvmcicompiler.so
7f895485d000-7f8954c44000 r--p 01d7f000 00:51a 4611686019135190040       /nix/store/gpxl5qgg8kicmcvivwmybwjlpf7wh20l-graalvm17-ce-22.3.0/lib/libjvmcicompiler.so
7f8954d00000-7f8954d04000 ---p 00000000 00:00 0 
7f8954d04000-7f8954e00000 rw-p 00000000 00:00 0 
7f8954f00000-7f8954f04000 ---p 00000000 00:00 0 
7f8954f04000-7f8955000000 rw-p 00000000 00:00 0 
7f8955100000-7f8955104000 ---p 00000000 00:00 0 
7f8955104000-7f8955200000 rw-p 00000000 00:00 0 
7f8955300000-7f8955304000 ---p 00000000 00:00 0 
7f8955304000-7f8955400000 rw-p 00000000 00:00 0 
7f8955500000-7f8955504000 ---p 00000000 00:00 0 
7f8955504000-7f8955600000 rw-p 00000000 00:00 0 
7f8955700000-7f8955704000 ---p 00000000 00:00 0 
7f8955704000-7f8955800000 rw-p 00000000 00:00 0 
7f8955900000-7f8955904000 ---p 00000000 00:00 0 
7f8955904000-7f8955a00000 rw-p 00000000 00:00 0 
7f8955b00000-7f8955b04000 ---p 00000000 00:00 0 
7f8955b04000-7f8955c00000 rw-p 00000000 00:00 0 
7f8955d00000-7f8955d04000 ---p 00000000 00:00 0 
7f8955d04000-7f8955e00000 rw-p 00000000 00:00 0 
7f8955f00000-7f8955f04000 ---p 00000000 00:00 0 
7f8955f04000-7f8956000000 rw-p 00000000 00:00 0 
7f8956100000-7f8956104000 ---p 00000000 00:00 0 
7f8956104000-7f8956200000 rw-p 00000000 00:00 0 
7f8956300000-7f8956304000 ---p 00000000 00:00 0 
7f8956304000-7f8956400000 rw-p 00000000 00:00 0 
7f8956500000-7f8956504000 ---p 00000000 00:00 0 
7f8956504000-7f8956600000 rw-p 00000000 00:00 0 
7f8956600000-7f8956604000 ---p 00000000 00:00 0 
7f8956604000-7f8956700000 rw-p 00000000 00:00 0 
7f8956700000-7f8956704000 ---p 00000000 00:00 0 
7f8956704000-7f8956800000 rw-p 00000000 00:00 0 
7f8956900000-7f8956904000 ---p 00000000 00:00 0 
7f8956904000-7f8956a00000 rw-p 00000000 00:00 0 
7f8956a00000-7f8956a04000 ---p 00000000 00:00 0 
7f8956a04000-7f8956b00000 rw-p 00000000 00:00 0 
7f8956b00000-7f8956b04000 ---p 00000000 00:00 0 
7f8956b04000-7f8956c00000 rw-p 00000000 00:00 0 
7f8956d00000-7f8956d04000 ---p 00000000 00:00 0 
7f8956d04000-7f8956e00000 rw-p 00000000 00:00 0 
7f8957a68000-7f8957f00000 rw-p 00000000 00:00 0 
7f8958000000-7f8958021000 rw-p 00000000 00:00 0 
7f8958021000-7f895c000000 ---p 00000000 00:00 0 
7f895c000000-7f895c021000 rw-p 00000000 00:00 0 
7f895c021000-7f8960000000 ---p 00000000 00:00 0 
7f8960000000-7f8960029000 rw-p 00000000 00:00 0 
7f8960029000-7f8964000000 ---p 00000000 00:00 0 
7f8964000000-7f8964021000 rw-p 00000000 00:00 0 
7f8964021000-7f8968000000 ---p 00000000 00:00 0 
7f8968000000-7f89680ce000 rw-p 00000000 00:00 0 
7f89680ce000-7f896c000000 ---p 00000000 00:00 0 
7f896c000000-7f896c7dc000 rw-p 00000000 00:00 0 
7f896c7dc000-7f8970000000 ---p 00000000 00:00 0 
7f8970000000-7f8970021000 rw-p 00000000 00:00 0 
7f8970021000-7f8974000000 ---p 00000000 00:00 0 
7f8974000000-7f8974021000 rw-p 00000000 00:00 0 
7f8974021000-7f8978000000 ---p 00000000 00:00 0 
7f8978000000-7f8978021000 rw-p 00000000 00:00 0 
7f8978021000-7f897c000000 ---p 00000000 00:00 0 
7f897c000000-7f897c021000 rw-p 00000000 00:00 0 
7f897c021000-7f8980000000 ---p 00000000 00:00 0 
7f8980000000-7f898002d000 rw-p 00000000 00:00 0 
7f898002d000-7f8984000000 ---p 00000000 00:00 0 
7f8984000000-7f8984021000 rw-p 00000000 00:00 0 
7f8984021000-7f8988000000 ---p 00000000 00:00 0 
7f8988000000-7f8988065000 rw-p 00000000 00:00 0 
7f8988065000-7f898c000000 ---p 00000000 00:00 0 
7f898c000000-7f898c004000 ---p 00000000 00:00 0 
7f898c004000-7f898c100000 rw-p 00000000 00:00 0 
7f898c100000-7f898c104000 ---p 00000000 00:00 0 
7f898c104000-7f898c200000 rw-p 00000000 00:00 0 
7f898c200000-7f898e36a000 r-xp 00000000 00:51a 4611686019135190040       /nix/store/gpxl5qgg8kicmcvivwmybwjlpf7wh20l-graalvm17-ce-22.3.0/lib/libjvmcicompiler.so
7f898e36a000-7f898e569000 ---p 0216a000 00:51a 4611686019135190040       /nix/store/gpxl5qgg8kicmcvivwmybwjlpf7wh20l-graalvm17-ce-22.3.0/lib/libjvmcicompiler.so
7f898e569000-7f898e56a000 r--p 02169000 00:51a 4611686019135190040       /nix/store/gpxl5qgg8kicmcvivwmybwjlpf7wh20l-graalvm17-ce-22.3.0/lib/libjvmcicompiler.so
7f898e56a000-7f898e56c000 rw-p 0216a000 00:51a 4611686019135190040       /nix/store/gpxl5qgg8kicmcvivwmybwjlpf7wh20l-graalvm17-ce-22.3.0/lib/libjvmcicompiler.so
7f898e56c000-7f898e56d000 rw-p 00000000 00:00 0 
7f898e56d000-7f898e572000 rw-p 023c3000 00:51a 4611686019135190040       /nix/store/gpxl5qgg8kicmcvivwmybwjlpf7wh20l-graalvm17-ce-22.3.0/lib/libjvmcicompiler.so
7f898e58e000-7f898e592000 ---p 00000000 00:00 0 
7f898e592000-7f898e68e000 rw-p 00000000 00:00 0 
7f898e68e000-7f898e692000 ---p 00000000 00:00 0 
7f898e692000-7f898e6b0000 rw-p 00000000 00:00 0 
7f898e6b0000-7f898e6c5000 r-xp 00000000 00:51a 4611686019135192570       /nix/store/gpxl5qgg8kicmcvivwmybwjlpf7wh20l-graalvm17-ce-22.3.0/lib/libnet.so
7f898e6c5000-7f898e6c6000 ---p 00015000 00:51a 4611686019135192570       /nix/store/gpxl5qgg8kicmcvivwmybwjlpf7wh20l-graalvm17-ce-22.3.0/lib/libnet.so
7f898e6c6000-7f898e6c7000 r--p 00015000 00:51a 4611686019135192570       /nix/store/gpxl5qgg8kicmcvivwmybwjlpf7wh20l-graalvm17-ce-22.3.0/lib/libnet.so
7f898e6c7000-7f898e6c8000 rw-p 00016000 00:51a 4611686019135192570       /nix/store/gpxl5qgg8kicmcvivwmybwjlpf7wh20l-graalvm17-ce-22.3.0/lib/libnet.so
7f898e6c8000-7f898e6cb000 rw-p 0001b000 00:51a 4611686019135192570       /nix/store/gpxl5qgg8kicmcvivwmybwjlpf7wh20l-graalvm17-ce-22.3.0/lib/libnet.so
7f898e6cb000-7f898e6cc000 ---p 00000000 00:00 0 
7f898e6cc000-7f898e7cd000 rw-p 00000000 00:00 0 
7f898e7cd000-7f898e7d1000 ---p 00000000 00:00 0 
7f898e7d1000-7f898e8cd000 rw-p 00000000 00:00 0 
7f898e8cd000-7f898e8d1000 ---p 00000000 00:00 0 
7f898e8d1000-7f898e9cd000 rw-p 00000000 00:00 0 
7f898e9cd000-7f898e9d1000 ---p 00000000 00:00 0 
7f898e9d1000-7f898eacd000 rw-p 00000000 00:00 0 
7f898eacd000-7f898ead1000 ---p 00000000 00:00 0 
7f898ead1000-7f898eccd000 rw-p 00000000 00:00 0 
7f898eccd000-7f898ecd1000 ---p 00000000 00:00 0 
7f898ecd1000-7f898eecd000 rw-p 00000000 00:00 0 
7f898eecd000-7f898eed1000 ---p 00000000 00:00 0 
7f898eed1000-7f898efcd000 rw-p 00000000 00:00 0 
7f898efcd000-7f898efd1000 ---p 00000000 00:00 0 
7f898efd1000-7f898f0cd000 rw-p 00000000 00:00 0 
7f898f0cd000-7f898f0d1000 ---p 00000000 00:00 0 
7f898f0d1000-7f898f1cd000 rw-p 00000000 00:00 0 
7f898f1cd000-7f898f4b3000 r--p 00000000 00:318 28444448                  /usr/lib/locale/locale-archive
7f898f4b3000-7f898f723000 rwxp 00000000 00:00 0 
7f898f723000-7f898fa42000 ---p 00000000 00:00 0 
7f898fa42000-7f8990982000 rwxp 00000000 00:00 0 
7f8990982000-7f8996f7a000 ---p 00000000 00:00 0 
7f8996f7a000-7f899722a000 rwxp 00000000 00:00 0 
7f899722a000-7f899e4b3000 ---p 00000000 00:00 0 
7f899e4b3000-7f89a8000000 r--s 00000000 00:51a 4611686019135192581       /nix/store/gpxl5qgg8kicmcvivwmybwjlpf7wh20l-graalvm17-ce-22.3.0/lib/modules
7f89a8000000-7f89a8608000 rw-p 00000000 00:00 0 
7f89a8608000-7f89ac000000 ---p 00000000 00:00 0 
7f89ac014000-7f89ac027000 r-xp 00000000 00:51a 4611686019135192571       /nix/store/gpxl5qgg8kicmcvivwmybwjlpf7wh20l-graalvm17-ce-22.3.0/lib/libnio.so
7f89ac027000-7f89ac028000 r--p 00012000 00:51a 4611686019135192571       /nix/store/gpxl5qgg8kicmcvivwmybwjlpf7wh20l-graalvm17-ce-22.3.0/lib/libnio.so
7f89ac028000-7f89ac029000 rw-p 00013000 00:51a 4611686019135192571       /nix/store/gpxl5qgg8kicmcvivwmybwjlpf7wh20l-graalvm17-ce-22.3.0/lib/libnio.so
7f89ac029000-7f89ac02e000 rw-p 00019000 00:51a 4611686019135192571       /nix/store/gpxl5qgg8kicmcvivwmybwjlpf7wh20l-graalvm17-ce-22.3.0/lib/libnio.so
7f89ac02e000-7f89ac032000 ---p 00000000 00:00 0 
7f89ac032000-7f89ac12e000 rw-p 00000000 00:00 0 
7f89ac12e000-7f89ac132000 ---p 00000000 00:00 0 
7f89ac132000-7f89ac22e000 rw-p 00000000 00:00 0 
7f89ac22e000-7f89ac22f000 ---p 00000000 00:00 0 
7f89ac22f000-7f89ac330000 rw-p 00000000 00:00 0 
7f89ac330000-7f89ac3fe000 r-xp 00000000 00:51a 4611686019135190036       /nix/store/gpxl5qgg8kicmcvivwmybwjlpf7wh20l-graalvm17-ce-22.3.0/lib/libjsvml.so
7f89ac3fe000-7f89ac3ff000 r--p 000cd000 00:51a 4611686019135190036       /nix/store/gpxl5qgg8kicmcvivwmybwjlpf7wh20l-graalvm17-ce-22.3.0/lib/libjsvml.so
7f89ac3ff000-7f89ac400000 rw-p 000ce000 00:51a 4611686019135190036       /nix/store/gpxl5qgg8kicmcvivwmybwjlpf7wh20l-graalvm17-ce-22.3.0/lib/libjsvml.so
7f89ac400000-7f89ac800000 rw-p 00000000 00:00 0 
7f89ac800000-7f89acb00000 rw-p 00000000 00:00 0 
7f89acb00000-7f89acc00000 rw-p 00000000 00:00 0 
7f89acc04000-7f89acc06000 r-xp 00000000 00:51a 4611686019135190017       /nix/store/gpxl5qgg8kicmcvivwmybwjlpf7wh20l-graalvm17-ce-22.3.0/lib/libextnet.so
7f89acc06000-7f89acc07000 r--p 00001000 00:51a 4611686019135190017       /nix/store/gpxl5qgg8kicmcvivwmybwjlpf7wh20l-graalvm17-ce-22.3.0/lib/libextnet.so
7f89acc07000-7f89acc08000 rw-p 00002000 00:51a 4611686019135190017       /nix/store/gpxl5qgg8kicmcvivwmybwjlpf7wh20l-graalvm17-ce-22.3.0/lib/libextnet.so
7f89acc08000-7f89acc09000 rw-p 00004000 00:51a 4611686019135190017       /nix/store/gpxl5qgg8kicmcvivwmybwjlpf7wh20l-graalvm17-ce-22.3.0/lib/libextnet.so
7f89acc09000-7f89acc10000 r-xp 00000000 00:51a 4611686019135192580       /nix/store/gpxl5qgg8kicmcvivwmybwjlpf7wh20l-graalvm17-ce-22.3.0/lib/libzip.so
7f89acc10000-7f89acc11000 ---p 00007000 00:51a 4611686019135192580       /nix/store/gpxl5qgg8kicmcvivwmybwjlpf7wh20l-graalvm17-ce-22.3.0/lib/libzip.so
7f89acc11000-7f89acc12000 r--p 00007000 00:51a 4611686019135192580       /nix/store/gpxl5qgg8kicmcvivwmybwjlpf7wh20l-graalvm17-ce-22.3.0/lib/libzip.so
7f89acc12000-7f89acc13000 rw-p 00008000 00:51a 4611686019135192580       /nix/store/gpxl5qgg8kicmcvivwmybwjlpf7wh20l-graalvm17-ce-22.3.0/lib/libzip.so
7f89acc13000-7f89acc15000 rw-p 0000b000 00:51a 4611686019135192580       /nix/store/gpxl5qgg8kicmcvivwmybwjlpf7wh20l-graalvm17-ce-22.3.0/lib/libzip.so
7f89acc15000-7f89ae4ed000 rw-p 00000000 00:00 0 
7f89ae4ed000-7f89ae4ee000 ---p 00000000 00:00 0 
7f89ae4ee000-7f89ae699000 rw-p 00000000 00:00 0 
7f89ae699000-7f89ae6ca000 rw-p 00000000 00:00 0 
7f89ae6ca000-7f89ae6ef000 ---p 00000000 00:00 0 
7f89ae6ef000-7f89ae6f6000 rw-p 00000000 00:00 0 
7f89ae6f6000-7f89ae7db000 ---p 00000000 00:00 0 
7f89ae7db000-7f89ae7fa000 rw-p 00000000 00:00 0 
7f89ae7fa000-7f89ae8c6000 ---p 00000000 00:00 0 
7f89ae8c6000-7f89ae8cb000 rw-p 00000000 00:00 0 
7f89ae8cb000-7f89ae8d2000 ---p 00000000 00:00 0 
7f89ae8d2000-7f89ae8f6000 r-xp 00000000 00:51a 4611686019135190028       /nix/store/gpxl5qgg8kicmcvivwmybwjlpf7wh20l-graalvm17-ce-22.3.0/lib/libjava.so
7f89ae8f6000-7f89ae8f7000 ---p 00024000 00:51a 4611686019135190028       /nix/store/gpxl5qgg8kicmcvivwmybwjlpf7wh20l-graalvm17-ce-22.3.0/lib/libjava.so
7f89ae8f7000-7f89ae8f8000 r--p 00024000 00:51a 4611686019135190028       /nix/store/gpxl5qgg8kicmcvivwmybwjlpf7wh20l-graalvm17-ce-22.3.0/lib/libjava.so
7f89ae8f8000-7f89ae8f9000 rw-p 00025000 00:51a 4611686019135190028       /nix/store/gpxl5qgg8kicmcvivwmybwjlpf7wh20l-graalvm17-ce-22.3.0/lib/libjava.so
7f89ae8f9000-7f89ae8fa000 rw-p 00000000 00:00 0 
7f89ae8fa000-7f89ae901000 rw-p 0002f000 00:51a 4611686019135190028       /nix/store/gpxl5qgg8kicmcvivwmybwjlpf7wh20l-graalvm17-ce-22.3.0/lib/libjava.so
7f89ae901000-7f89ae909000 rw-s 00000000 00:26f 359                       /tmp/hsperfdata_runner/54
7f89ae909000-7f89ae90a000 ---p 00000000 00:00 0 
7f89ae90a000-7f89ae90b000 r--p 00000000 00:00 0 
7f89ae90b000-7f89ae90c000 rwxp 00000000 00:00 0 
7f89ae90c000-7f89ae927000 r-xp 00000000 00:51a 4611686019135190032       /nix/store/gpxl5qgg8kicmcvivwmybwjlpf7wh20l-graalvm17-ce-22.3.0/lib/libjimage.so
7f89ae927000-7f89ae928000 ---p 0001b000 00:51a 4611686019135190032       /nix/store/gpxl5qgg8kicmcvivwmybwjlpf7wh20l-graalvm17-ce-22.3.0/lib/libjimage.so
7f89ae928000-7f89ae92a000 r--p 0001b000 00:51a 4611686019135190032       /nix/store/gpxl5qgg8kicmcvivwmybwjlpf7wh20l-graalvm17-ce-22.3.0/lib/libjimage.so
7f89ae92a000-7f89ae92b000 rw-p 0001d000 00:51a 4611686019135190032       /nix/store/gpxl5qgg8kicmcvivwmybwjlpf7wh20l-graalvm17-ce-22.3.0/lib/libjimage.so
7f89ae92b000-7f89ae92c000 rw-p 00024000 00:51a 4611686019135190032       /nix/store/gpxl5qgg8kicmcvivwmybwjlpf7wh20l-graalvm17-ce-22.3.0/lib/libjimage.so
7f89ae92c000-7f89ae930000 ---p 00000000 00:00 0 
7f89ae930000-7f89aea2c000 rw-p 00000000 00:00 0 
7f89aea2c000-7f89aea3a000 r--p 00000000 00:51a 4611686019027979927       /nix/store/4nlgxhb09sdr51nc9hdm8az5b08vzkgx-glibc-2.35-163/lib/libm.so.6
7f89aea3a000-7f89aeaad000 r-xp 0000e000 00:51a 4611686019027979927       /nix/store/4nlgxhb09sdr51nc9hdm8az5b08vzkgx-glibc-2.35-163/lib/libm.so.6
7f89aeaad000-7f89aeb0a000 r--p 00081000 00:51a 4611686019027979927       /nix/store/4nlgxhb09sdr51nc9hdm8az5b08vzkgx-glibc-2.35-163/lib/libm.so.6
7f89aeb0a000-7f89aeb0b000 r--p 000dd000 00:51a 4611686019027979927       /nix/store/4nlgxhb09sdr51nc9hdm8az5b08vzkgx-glibc-2.35-163/lib/libm.so.6
7f89aeb0b000-7f89aeb0c000 rw-p 000de000 00:51a 4611686019027979927       /nix/store/4nlgxhb09sdr51nc9hdm8az5b08vzkgx-glibc-2.35-163/lib/libm.so.6
7f89aeb0c000-7f89aeb0d000 r--p 00000000 00:51a 4611686019027979946       /nix/store/4nlgxhb09sdr51nc9hdm8az5b08vzkgx-glibc-2.35-163/lib/librt.so.1
7f89aeb0d000-7f89aeb0e000 r-xp 00001000 00:51a 4611686019027979946       /nix/store/4nlgxhb09sdr51nc9hdm8az5b08vzkgx-glibc-2.35-163/lib/librt.so.1
7f89aeb0e000-7f89aeb0f000 r--p 00002000 00:51a 4611686019027979946       /nix/store/4nlgxhb09sdr51nc9hdm8az5b08vzkgx-glibc-2.35-163/lib/librt.so.1
7f89aeb0f000-7f89aeb10000 r--p 00002000 00:51a 4611686019027979946       /nix/store/4nlgxhb09sdr51nc9hdm8az5b08vzkgx-glibc-2.35-163/lib/librt.so.1
7f89aeb10000-7f89aeb11000 rw-p 00003000 00:51a 4611686019027979946       /nix/store/4nlgxhb09sdr51nc9hdm8az5b08vzkgx-glibc-2.35-163/lib/librt.so.1
7f89aeb11000-7f89afc24000 r-xp 00000000 00:51a 4611686019135360866       /nix/store/gpxl5qgg8kicmcvivwmybwjlpf7wh20l-graalvm17-ce-22.3.0/lib/server/libjvm.so
7f89afc24000-7f89afc25000 ---p 01113000 00:51a 4611686019135360866       /nix/store/gpxl5qgg8kicmcvivwmybwjlpf7wh20l-graalvm17-ce-22.3.0/lib/server/libjvm.so
7f89afc25000-7f89afcda000 r--p 01113000 00:51a 4611686019135360866       /nix/store/gpxl5qgg8kicmcvivwmybwjlpf7wh20l-graalvm17-ce-22.3.0/lib/server/libjvm.so
7f89afcda000-7f89afd0e000 rw-p 011c8000 00:51a 4611686019135360866       /nix/store/gpxl5qgg8kicmcvivwmybwjlpf7wh20l-graalvm17-ce-22.3.0/lib/server/libjvm.so
7f89afd0e000-7f89afd6a000 rw-p 00000000 00:00 0 
7f89afd6a000-7f89afd92000 r--p 00000000 00:51a 4611686019027979918       /nix/store/4nlgxhb09sdr51nc9hdm8az5b08vzkgx-glibc-2.35-163/lib/libc.so.6
7f89afd92000-7f89aff08000 r-xp 00028000 00:51a 4611686019027979918       /nix/store/4nlgxhb09sdr51nc9hdm8az5b08vzkgx-glibc-2.35-163/lib/libc.so.6
7f89aff08000-7f89aff60000 r--p 0019e000 00:51a 4611686019027979918       /nix/store/4nlgxhb09sdr51nc9hdm8az5b08vzkgx-glibc-2.35-163/lib/libc.so.6
7f89aff60000-7f89aff64000 r--p 001f6000 00:51a 4611686019027979918       /nix/store/4nlgxhb09sdr51nc9hdm8az5b08vzkgx-glibc-2.35-163/lib/libc.so.6
7f89aff64000-7f89aff66000 rw-p 001fa000 00:51a 4611686019027979918       /nix/store/4nlgxhb09sdr51nc9hdm8az5b08vzkgx-glibc-2.35-163/lib/libc.so.6
7f89aff66000-7f89aff75000 rw-p 00000000 00:00 0 
7f89aff75000-7f89aff76000 r--p 00000000 00:51a 4611686019027979923       /nix/store/4nlgxhb09sdr51nc9hdm8az5b08vzkgx-glibc-2.35-163/lib/libdl.so.2
7f89aff76000-7f89aff77000 r-xp 00001000 00:51a 4611686019027979923       /nix/store/4nlgxhb09sdr51nc9hdm8az5b08vzkgx-glibc-2.35-163/lib/libdl.so.2
7f89aff77000-7f89aff78000 r--p 00002000 00:51a 4611686019027979923       /nix/store/4nlgxhb09sdr51nc9hdm8az5b08vzkgx-glibc-2.35-163/lib/libdl.so.2
7f89aff78000-7f89aff79000 r--p 00002000 00:51a 4611686019027979923       /nix/store/4nlgxhb09sdr51nc9hdm8az5b08vzkgx-glibc-2.35-163/lib/libdl.so.2
7f89aff79000-7f89aff7a000 rw-p 00003000 00:51a 4611686019027979923       /nix/store/4nlgxhb09sdr51nc9hdm8az5b08vzkgx-glibc-2.35-163/lib/libdl.so.2
7f89aff7a000-7f89aff7b000 r--p 00000000 00:51a 4611686019027979942       /nix/store/4nlgxhb09sdr51nc9hdm8az5b08vzkgx-glibc-2.35-163/lib/libpthread.so.0
7f89aff7b000-7f89aff7c000 r-xp 00001000 00:51a 4611686019027979942       /nix/store/4nlgxhb09sdr51nc9hdm8az5b08vzkgx-glibc-2.35-163/lib/libpthread.so.0
7f89aff7c000-7f89aff7d000 r--p 00002000 00:51a 4611686019027979942       /nix/store/4nlgxhb09sdr51nc9hdm8az5b08vzkgx-glibc-2.35-163/lib/libpthread.so.0
7f89aff7d000-7f89aff7e000 r--p 00002000 00:51a 4611686019027979942       /nix/store/4nlgxhb09sdr51nc9hdm8az5b08vzkgx-glibc-2.35-163/lib/libpthread.so.0
7f89aff7e000-7f89aff7f000 rw-p 00003000 00:51a 4611686019027979942       /nix/store/4nlgxhb09sdr51nc9hdm8az5b08vzkgx-glibc-2.35-163/lib/libpthread.so.0
7f89aff7f000-7f89aff8d000 r-xp 00000000 00:51a 4611686019135190033       /nix/store/gpxl5qgg8kicmcvivwmybwjlpf7wh20l-graalvm17-ce-22.3.0/lib/libjli.so
7f89aff8d000-7f89aff8e000 ---p 0000e000 00:51a 4611686019135190033       /nix/store/gpxl5qgg8kicmcvivwmybwjlpf7wh20l-graalvm17-ce-22.3.0/lib/libjli.so
7f89aff8e000-7f89aff8f000 r--p 0000e000 00:51a 4611686019135190033       /nix/store/gpxl5qgg8kicmcvivwmybwjlpf7wh20l-graalvm17-ce-22.3.0/lib/libjli.so
7f89aff8f000-7f89aff90000 rw-p 0000f000 00:51a 4611686019135190033       /nix/store/gpxl5qgg8kicmcvivwmybwjlpf7wh20l-graalvm17-ce-22.3.0/lib/libjli.so
7f89aff90000-7f89aff91000 rw-p 00012000 00:51a 4611686019135190033       /nix/store/gpxl5qgg8kicmcvivwmybwjlpf7wh20l-graalvm17-ce-22.3.0/lib/libjli.so
7f89aff91000-7f89aff94000 r--p 00000000 00:51a 4611686019106210071       /nix/store/026hln0aq1hyshaxsdvhg0kmcm6yf45r-zlib-1.2.13/lib/libz.so.1.2.13
7f89aff94000-7f89affa6000 r-xp 00003000 00:51a 4611686019106210071       /nix/store/026hln0aq1hyshaxsdvhg0kmcm6yf45r-zlib-1.2.13/lib/libz.so.1.2.13
7f89affa6000-7f89affad000 r--p 00015000 00:51a 4611686019106210071       /nix/store/026hln0aq1hyshaxsdvhg0kmcm6yf45r-zlib-1.2.13/lib/libz.so.1.2.13
7f89affad000-7f89affae000 r--p 0001b000 00:51a 4611686019106210071       /nix/store/026hln0aq1hyshaxsdvhg0kmcm6yf45r-zlib-1.2.13/lib/libz.so.1.2.13
7f89affae000-7f89affaf000 rw-p 0001c000 00:51a 4611686019106210071       /nix/store/026hln0aq1hyshaxsdvhg0kmcm6yf45r-zlib-1.2.13/lib/libz.so.1.2.13
7f89affaf000-7f89affb1000 rw-p 00000000 00:00 0 
7f89affb1000-7f89affb3000 r--p 00000000 00:51a 4611686019027979912       /nix/store/4nlgxhb09sdr51nc9hdm8az5b08vzkgx-glibc-2.35-163/lib/ld-linux-x86-64.so.2
7f89affb3000-7f89affda000 r-xp 00002000 00:51a 4611686019027979912       /nix/store/4nlgxhb09sdr51nc9hdm8az5b08vzkgx-glibc-2.35-163/lib/ld-linux-x86-64.so.2
7f89affda000-7f89affe6000 r--p 00029000 00:51a 4611686019027979912       /nix/store/4nlgxhb09sdr51nc9hdm8az5b08vzkgx-glibc-2.35-163/lib/ld-linux-x86-64.so.2
7f89affe6000-7f89affe8000 r--p 00034000 00:51a 4611686019027979912       /nix/store/4nlgxhb09sdr51nc9hdm8az5b08vzkgx-glibc-2.35-163/lib/ld-linux-x86-64.so.2
7f89affe8000-7f89affea000 rw-p 00036000 00:51a 4611686019027979912       /nix/store/4nlgxhb09sdr51nc9hdm8az5b08vzkgx-glibc-2.35-163/lib/ld-linux-x86-64.so.2
7ffc63e36000-7ffc63e5a000 rw-p 00000000 00:00 0                          [stack]
7ffc63ed8000-7ffc63edc000 r--p 00000000 00:00 0                          [vvar]
7ffc63edc000-7ffc63ede000 r-xp 00000000 00:00 0                          [vdso]
ffffffffff600000-ffffffffff601000 --xp 00000000 00:00 0                  [vsyscall]


VM Arguments:
jvm_args: -XX:ThreadPriorityPolicy=1 -XX:+UnlockExperimentalVMOptions -XX:+EnableJVMCIProduct -XX:JVMCIThreadsPerNativeLibraryRuntime=1 -XX:-UnlockExperimentalVMOptions -Declipse.application=org.eclipse.jdt.ls.core.id1 -Dosgi.bundles.defaultStartLevel=4 -Declipse.product=org.eclipse.jdt.ls.core.product -Dlog.level=ALL -Xverify:none -XX:+UseParallelGC -XX:GCTimeRatio=4 -XX:AdaptiveSizePolicyWeight=90 -Dsun.zip.disableMemoryMapping=true -Xmx512m -Xms100m 
java_command: /nix/store/m6gcpi1ii6rghy04cjwjddcavv7i90df-jdt-language-server-1.9.0/share/java/plugins/org.eclipse.equinox.launcher_1.6.400.v20210924-0641.jar --add-modules=ALL-SYSTEM --add-opens java.base/java.util=ALL-UNNAMED --add-opens java.base/java.lang=ALL-UNNAMED -configuration /home/runner/.cache/jdt-language-server/config -data /home/runner/.cache/jdt-language-server/data/home/runner/DSA
java_class_path (initial): /nix/store/m6gcpi1ii6rghy04cjwjddcavv7i90df-jdt-language-server-1.9.0/share/java/plugins/org.eclipse.equinox.launcher_1.6.400.v20210924-0641.jar
Launcher Type: SUN_STANDARD

[Global flags]
    uintx AdaptiveSizePolicyWeight                 = 90                                        {product} {command line}
     intx CICompilerCount                          = 2                                         {product} {ergonomic}
     bool EnableJVMCIProduct                       = true                                {JVMCI product} {jimage}
    uintx GCTimeRatio                              = 4                                         {product} {command line}
   size_t InitialHeapSize                          = 104857600                                 {product} {command line}
     uint JVMCIThreadsPerNativeLibraryRuntime      = 1                                   {JVMCI product} {jimage}
   size_t MaxHeapSize                              = 536870912                                 {product} {command line}
   size_t MaxNewSize                               = 178782208                                 {product} {ergonomic}
   size_t MinHeapDeltaBytes                        = 524288                                    {product} {ergonomic}
   size_t MinHeapSize                              = 104857600                                 {product} {command line}
   size_t NewSize                                  = 34603008                                  {product} {ergonomic}
    uintx NonNMethodCodeHeapSize                   = 5826188                                {pd product} {ergonomic}
    uintx NonProfiledCodeHeapSize                  = 122916026                              {pd product} {ergonomic}
   size_t OldSize                                  = 70254592                                  {product} {ergonomic}
    uintx ProfiledCodeHeapSize                     = 122916026                              {pd product} {ergonomic}
    uintx ReservedCodeCacheSize                    = 251658240                              {pd product} {ergonomic}
     bool SegmentedCodeCache                       = true                                      {product} {ergonomic}
   size_t SoftMaxHeapSize                          = 536870912                              {manageable} {ergonomic}
     intx ThreadPriorityPolicy                     = 1                                         {product} {jimage}
     bool UseCompressedClassPointers               = true                           {product lp64_product} {ergonomic}
     bool UseCompressedOops                        = true                           {product lp64_product} {ergonomic}
     bool UseParallelGC                            = true                                      {product} {command line}

Logging:
Log output configuration:
 #0: stdout all=warning uptime,level,tags
 #1: stderr all=off uptime,level,tags

Environment Variables:
JAVA_HOME=/nix/store/gpxl5qgg8kicmcvivwmybwjlpf7wh20l-graalvm17-ce-22.3.0
PATH=/nix/store/1d6ian3r8kdzspw8hacjhl3xkp40g1lj-binutils-wrapper-2.39/bin:/nix/store/dq0xwmsk1g0i2ayg6pb7y87na2knzylh-gcc-wrapper-11.3.0/bin:/nix/store/bap4d0lpcrhpwmpb8ayjcgkmvfj62lnq-bash-interactive-5.1-p16/bin:/nix/store/pr5n59mb4jzmfx6kanwxly0l07p861fg-patchelf-0.15.0/bin:/nix/store/1gf2flfqnpqbr1b4p4qz2f72y42bs56r-gcc-11.3.0/bin:/nix/store/57xv61c5zi8pphjbcwxxjlgc34p61ic9-glibc-2.35-163-bin/bin:/nix/store/a7gvj343m05j2s32xcnwr35v31ynlypr-coreutils-9.1/bin:/nix/store/039g378vc3pc3dvi9dzdlrd0i4q93qwf-binutils-2.39/bin:/nix/store/gpxl5qgg8kicmcvivwmybwjlpf7wh20l-graalvm17-ce-22.3.0/bin:/nix/store/6z9ag3ihc8mq2hzsw48lhbznvzny65nz-apache-maven-3.8.6/bin:/nix/store/m6gcpi1ii6rghy04cjwjddcavv7i90df-jdt-language-server-1.9.0/bin:/nix/store/84xs5alhs01zrbr4ywm05kxbjbp5590l-java-debug/bin:/nix/store/mydc6f4k2z73xlcz7ilif3v2lcaiqvza-findutils-4.9.0/bin:/nix/store/j9p3g8472iijd50vhdprx0nmk2fqn5gv-diffutils-3.8/bin:/nix/store/89zs7rms6x00xfq4dq6m7mjnhkr8a6r4-gnused-4.8/bin:/nix/store/86bp03jkmsl6f92w0yzg4s59g5mhxwmy-gnugrep-3.7/bin:/nix/store/hwcdqw4jrjnd37wxqgsd47hd0j8bnj09-gawk-5.1.1/bin:/nix/store/cfbhw8r8ags41vwqaz47r583d0p4h4a1-gnutar-1.34/bin:/nix/store/p3m1ndl1lapwrlh698bnb5lvvxh67378-gzip-1.12/bin:/nix/store/a8mhcagrsly7c7mpjrpsnaahk4aax056-bzip2-1.0.8-bin/bin:/nix/store/mblgz65m3zv9x548a3d5m96fj2pbwr09-gnumake-4.3/bin:/nix/store/dsd5gz46hdbdk2rfdimqddhq6m8m8fqs-bash-5.1-p16/bin:/nix/store/v7ljksji50mg3w61dykaa3n3y79n6nil-patch-2.7.6/bin:/nix/store/zlcnmqq14jz5x9439jf937mvayyl63da-xz-5.2.7-bin/bin:/nix/store/y6aj732zm9m87c82fpvf103a1xb22blp-file-5.43/bin:/nix/store/i4kzir3m7mrisxmf5xvlnkw01x4qaqr4-prybar-elisp-0.0.0-e0d9a52/bin:/nix/store/lwwivxf6h7x3cvxp9zv8sj0mv7dak99r-prybar-lua-0.0.0-e0d9a52/bin:/nix/store/gxj28g1cg4hq3qanmjv07156h800qr58-prybar-python3-0.0.0-e0d9a52/bin:/nix/store/hshkjnxrgidigf8x75vg6lqng2xlx9i3-prybar-sqlite-0.0.0-e0d9a52/bin:/nix/store/c4w01bpjgyy5ixmwdk8m1pw87zq4sl26-prybar-tcl-0.0.0-e0d9a52/bin:/nix/store/hpbvrlwd5viqmvcaisb3x0118i913a9n-st
LD_LIBRARY_PATH=/nix/store/a4pff549sk2idnkpzk5nsfps3mdkdnvm-cups-2.4.2-lib/lib:/nix/store/72mqxxhh3cy5yifh92wh2yb8cl2hikyy-cairo-1.16.0/lib:/nix/store/2k366jrbsra97gjfxwvrhvixjfxdach5-glib-2.74.1/lib:/nix/store/2j2znigd8ak37rlwh9khz0ry3clqlw1l-gtk+3-3.24.34/lib:/nix/store/hisqvx32cd57apbpcsnkpx6k3549wql1-libglvnd-1.4.0/lib:/nix/store/p36pgcv991mq5srvg765b78yqpxvk3qs-mesa-21.3.3-drivers/lib:/nix/store/mav4251if1ahjq5vkpwycyyvnmy459c4-pulseaudio-14.2/lib
DISPLAY=:0
LANG=en_US.UTF-8

Signal Handlers:
   SIGSEGV: crash_handler in libjvm.so, mask=11100100010111111101111111111110, flags=SA_RESTART|SA_SIGINFO
    SIGBUS: crash_handler in libjvm.so, mask=11100100010111111101111111111110, flags=SA_RESTART|SA_SIGINFO
    SIGFPE: crash_handler in libjvm.so, mask=11100100010111111101111111111110, flags=SA_RESTART|SA_SIGINFO
   SIGPIPE: IsolateEnterStub_IgnoreSIGPIPEStartupHook_noopSignalHandler_8f19bff2f35b5f630d83b364d6b2339320d4ec70_216e8361c6bc87a8f89f58cc10d3b2fd4415bf87 in libjvmcicompiler.so, mask=00000000000000000000000000000000, flags=SA_RESTART
  *** Handler was modified!
  *** Expected: javaSignalHandler in libjvm.so, mask=11100100110111111111111111111110, flags=SA_RESTART|SA_SIGINFO
   SIGXFSZ: javaSignalHandler in libjvm.so, mask=11100100010111111101111111111110, flags=SA_RESTART|SA_SIGINFO
    SIGILL: crash_handler in libjvm.so, mask=11100100010111111101111111111110, flags=SA_RESTART|SA_SIGINFO
   SIGUSR2: SR_handler in libjvm.so, mask=00000000000000000000000000000000, flags=SA_RESTART|SA_SIGINFO
    SIGHUP: UserHandler in libjvm.so, mask=11100100010111111101111111111110, flags=SA_RESTART|SA_SIGINFO
    SIGINT: UserHandler in libjvm.so, mask=11100100010111111101111111111110, flags=SA_RESTART|SA_SIGINFO
   SIGTERM: UserHandler in libjvm.so, mask=11100100010111111101111111111110, flags=SA_RESTART|SA_SIGINFO
   SIGQUIT: UserHandler in libjvm.so, mask=11100100010111111101111111111110, flags=SA_RESTART|SA_SIGINFO
  *** Handler was modified!
  *** Expected: javaSignalHandler in libjvm.so, mask=11100100110111111111111111111110, flags=SA_RESTART|SA_SIGINFO
   SIGTRAP: crash_handler in libjvm.so, mask=11100100010111111101111111111110, flags=SA_RESTART|SA_SIGINFO


---------------  S Y S T E M  ---------------

OS:
DISTRIB_ID=Ubuntu
DISTRIB_RELEASE=20.04
DISTRIB_CODENAME=focal
DISTRIB_DESCRIPTION="Ubuntu 20.04.2 LTS"
uname: Linux 5.19.0-1030-gcp #32~22.04.1-Ubuntu SMP Thu Jul 13 09:36:23 UTC 2023 x86_64
OS uptime: 0 days 12:58 hours
libc: glibc 2.35 NPTL 2.35 
rlimit (soft/hard): STACK 8192k/infinity , CORE infinity/infinity , NPROC infinity/infinity , NOFILE 5242/5242 , AS infinity/infinity , CPU infinity/infinity , DATA infinity/infinity , FSIZE infinity/infinity , MEMLOCK 8192k/8192k
load average: 4.29 4.74 5.41

/proc/meminfo:
MemTotal:       65839956 kB
MemFree:        37473860 kB
MemAvailable:   48734936 kB
Buffers:         1198172 kB
Cached:          9789768 kB
SwapCached:            0 kB
Active:          6784360 kB
Inactive:       19695464 kB
Active(anon):      10796 kB
Inactive(anon): 15443184 kB
Active(file):    6773564 kB
Inactive(file):  4252280 kB
Unevictable:       28284 kB
Mlocked:           28284 kB
SwapTotal:             0 kB
SwapFree:              0 kB
Zswap:                 0 kB
Zswapped:              0 kB
Dirty:              2444 kB
Writeback:             0 kB
AnonPages:      13842908 kB
Mapped:          1100076 kB
Shmem:              9272 kB
KReclaimable:     961720 kB
Slab:            1368324 kB
SReclaimable:     961720 kB
SUnreclaim:       406604 kB
KernelStack:       88424 kB
PageTables:       122816 kB
NFS_Unstable:          0 kB
Bounce:                0 kB
WritebackTmp:          0 kB
CommitLimit:    32919976 kB
Committed_AS:   42515652 kB
VmallocTotal:   34359738367 kB
VmallocUsed:      113552 kB
VmallocChunk:          0 kB
Percpu:            23744 kB
HardwareCorrupted:     0 kB
AnonHugePages:   1171456 kB
ShmemHugePages:        0 kB
ShmemPmdMapped:        0 kB
FileHugePages:         0 kB
FilePmdMapped:         0 kB
HugePages_Total:       0
HugePages_Free:        0
HugePages_Rsvd:        0
HugePages_Surp:        0
Hugepagesize:       2048 kB
Hugetlb:               0 kB
DirectMap4k:     7174968 kB
DirectMap2M:    57833472 kB
DirectMap1G:     4194304 kB

/sys/kernel/mm/transparent_hugepage/enabled: always [madvise] never
/sys/kernel/mm/transparent_hugepage/defrag (defrag/compaction efforts parameter): always defer defer+madvise [madvise] never

Process Memory:
Virtual Size: 4788860K (peak: 4874044K)
Resident Set Size: 751628K (peak: 779008K) (anon: 555896K, file: 195732K, shmem: 0K)
Swapped out: 0K
C-Heap outstanding allocations: 43886K, retained: 10753K
glibc malloc tunables: (default)

/proc/sys/kernel/threads-max (system-wide limit on the number of threads): 514310
/proc/sys/vm/max_map_count (maximum number of memory map areas a process may have): 65530
/proc/sys/kernel/pid_max (system-wide limit on number of process identifiers): 4194304

container (cgroup) information:
container_type: cgroupv1
cpu_cpuset_cpus: 2-7
cpu_memory_nodes: 0
active_processor_count: 1
cpu_quota: 50000
cpu_period: 100000
cpu_shares: 512
memory_limit_in_bytes: 1048576 k
memory_and_swap_limit_in_bytes: 1048576 k
memory_soft_limit_in_bytes: 524288 k
memory_usage_in_bytes: 633896 k
memory_max_usage_in_bytes: 740772 k
maximum number of tasks: 1000
current number of tasks: 53

KVM virtualization detected
Steal ticks since vm start: 1328
Steal ticks percentage since vm start:  0.001

CPU: total 8 (initial active 1) (4 cores per cpu, 2 threads per core) family 6 model 79 stepping 0 microcode 0xffffffff, cx8, cmov, fxsr, ht, mmx, 3dnowpref, sse, sse2, sse3, ssse3, sse4.1, sse4.2, popcnt, lzcnt, tsc, tscinvbit, avx, avx2, aes, erms, clmul, bmi1, bmi2, rtm, adx, fma, vzeroupper, clflush, hv
CPU Model and flags from /proc/cpuinfo:
model name	: Intel(R) Xeon(R) CPU @ 2.20GHz
flags		: fpu vme de pse tsc msr pae mce cx8 apic sep mtrr pge mca cmov pat pse36 clflush mmx fxsr sse sse2 ss ht syscall nx pdpe1gb rdtscp lm constant_tsc rep_good nopl xtopology nonstop_tsc cpuid tsc_known_freq pni pclmulqdq ssse3 fma cx16 pcid sse4_1 sse4_2 x2apic movbe popcnt aes xsave avx f16c rdrand hypervisor lahf_lm abm 3dnowprefetch invpcid_single pti ssbd ibrs ibpb stibp fsgsbase tsc_adjust bmi1 hle avx2 smep bmi2 erms invpcid rtm rdseed adx smap xsaveopt arat md_clear arch_capabilities

Online cpus: 0-7
Offline cpus: 
BIOS frequency limitation: <Not Available>
Frequency switch latency (ns): <Not Available>
Available cpu frequencies: <Not Available>
Current governor: <Not Available>
Core performance/turbo boost: <Not Available>

Memory: 4k page, physical 1048576k(414672k free), swap 0k(0k free)
Page Sizes: 4k

vm_info: OpenJDK 64-Bit Server VM (17.0.5+8-jvmci-22.3-b08) for linux-amd64 JRE (17.0.5+8-jvmci-22.3-b08), built on Oct 19 2022 09:01:27 by "buildslave" with gcc 10.3.0

END.
